{"/Users/blesh/GitHub/blesh/RxJS/src/Rx.ts":{"path":"/Users/blesh/GitHub/blesh/RxJS/src/Rx.ts","s":{"1":1,"2":1,"3":1,"4":1,"5":1,"6":1,"7":1,"8":1,"9":1,"10":1,"11":1,"12":1,"13":1,"14":1,"15":1,"16":1,"17":1,"18":1,"19":1,"20":1,"21":1,"22":1,"23":1,"24":1,"25":1,"26":1,"27":1,"28":1,"29":1,"30":1,"31":1,"32":1,"33":1,"34":1,"35":1,"36":1,"37":1,"38":1,"39":1,"40":1,"41":1,"42":1,"43":1,"44":1,"45":1,"46":1,"47":1,"48":1,"49":1,"50":1,"51":1,"52":1,"53":1,"54":1,"55":1,"56":1,"57":1,"58":1,"59":1,"60":1,"61":1,"62":1,"63":1,"64":1,"65":1,"66":1,"67":1,"68":1,"69":1,"70":1,"71":1,"72":1,"73":1,"74":1,"75":1,"76":1,"77":1,"78":1,"79":1,"80":1,"81":1,"82":1,"83":1,"84":1,"85":1,"86":1,"87":1,"88":1,"89":1,"90":1,"91":1,"92":1,"93":1,"94":1,"95":1,"96":1,"97":1,"98":1,"99":1,"100":1,"101":1,"102":1,"103":1,"104":1,"105":1,"106":1,"107":1,"108":1,"109":1,"110":1,"111":1,"112":1,"113":1,"114":1,"115":1,"116":1,"117":1,"118":1,"119":1,"120":1,"121":1,"122":1,"123":1,"124":1,"125":1,"126":1,"127":1,"128":1,"129":1,"130":1,"131":1,"132":1,"133":1,"134":1,"135":1,"136":1,"137":1,"138":1,"139":1,"140":1,"141":1,"142":1,"143":1,"144":1,"145":1,"146":1,"147":1,"148":1,"149":1,"150":1,"151":1,"152":1,"153":1,"154":1,"155":1,"156":1,"157":1,"158":1,"159":1,"160":1,"161":1,"162":1,"163":1,"164":1,"165":1,"166":1,"167":1,"168":1,"169":1,"170":1,"171":1,"172":1,"173":1,"174":1,"175":1,"176":1,"177":1,"178":1,"179":1},"b":{},"f":{},"fnMap":{},"statementMap":{"1":{"start":{"line":5,"column":0},"end":{"line":5,"column":34}},"2":{"start":{"line":5,"column":8},"end":{"line":5,"column":34}},"3":{"start":{"line":7,"column":0},"end":{"line":7,"column":40}},"4":{"start":{"line":7,"column":8},"end":{"line":7,"column":40}},"5":{"start":{"line":11,"column":0},"end":{"line":11,"column":39}},"6":{"start":{"line":12,"column":0},"end":{"line":12,"column":43}},"7":{"start":{"line":13,"column":0},"end":{"line":13,"column":40}},"8":{"start":{"line":14,"column":0},"end":{"line":14,"column":33}},"9":{"start":{"line":15,"column":0},"end":{"line":15,"column":32}},"10":{"start":{"line":16,"column":0},"end":{"line":16,"column":32}},"11":{"start":{"line":17,"column":0},"end":{"line":17,"column":35}},"12":{"start":{"line":18,"column":0},"end":{"line":18,"column":31}},"13":{"start":{"line":19,"column":0},"end":{"line":19,"column":36}},"14":{"start":{"line":20,"column":0},"end":{"line":20,"column":43}},"15":{"start":{"line":21,"column":0},"end":{"line":21,"column":38}},"16":{"start":{"line":22,"column":0},"end":{"line":22,"column":35}},"17":{"start":{"line":23,"column":0},"end":{"line":23,"column":29}},"18":{"start":{"line":24,"column":0},"end":{"line":24,"column":35}},"19":{"start":{"line":25,"column":0},"end":{"line":25,"column":32}},"20":{"start":{"line":26,"column":0},"end":{"line":26,"column":31}},"21":{"start":{"line":27,"column":0},"end":{"line":27,"column":32}},"22":{"start":{"line":28,"column":0},"end":{"line":28,"column":29}},"23":{"start":{"line":29,"column":0},"end":{"line":29,"column":44}},"24":{"start":{"line":30,"column":0},"end":{"line":30,"column":32}},"25":{"start":{"line":31,"column":0},"end":{"line":31,"column":32}},"26":{"start":{"line":32,"column":0},"end":{"line":32,"column":32}},"27":{"start":{"line":33,"column":0},"end":{"line":33,"column":32}},"28":{"start":{"line":34,"column":0},"end":{"line":34,"column":32}},"29":{"start":{"line":35,"column":0},"end":{"line":35,"column":30}},"30":{"start":{"line":38,"column":0},"end":{"line":38,"column":35}},"31":{"start":{"line":39,"column":0},"end":{"line":39,"column":40}},"32":{"start":{"line":42,"column":0},"end":{"line":42,"column":31}},"33":{"start":{"line":43,"column":0},"end":{"line":43,"column":36}},"34":{"start":{"line":44,"column":0},"end":{"line":44,"column":35}},"35":{"start":{"line":45,"column":0},"end":{"line":45,"column":37}},"36":{"start":{"line":46,"column":0},"end":{"line":46,"column":35}},"37":{"start":{"line":47,"column":0},"end":{"line":47,"column":30}},"38":{"start":{"line":48,"column":0},"end":{"line":48,"column":30}},"39":{"start":{"line":49,"column":0},"end":{"line":49,"column":35}},"40":{"start":{"line":50,"column":0},"end":{"line":50,"column":38}},"41":{"start":{"line":51,"column":0},"end":{"line":51,"column":31}},"42":{"start":{"line":52,"column":0},"end":{"line":52,"column":34}},"43":{"start":{"line":53,"column":0},"end":{"line":53,"column":34}},"44":{"start":{"line":54,"column":0},"end":{"line":54,"column":36}},"45":{"start":{"line":55,"column":0},"end":{"line":55,"column":30}},"46":{"start":{"line":56,"column":0},"end":{"line":56,"column":38}},"47":{"start":{"line":57,"column":0},"end":{"line":57,"column":33}},"48":{"start":{"line":58,"column":0},"end":{"line":58,"column":37}},"49":{"start":{"line":59,"column":0},"end":{"line":59,"column":39}},"50":{"start":{"line":60,"column":0},"end":{"line":60,"column":30}},"51":{"start":{"line":61,"column":0},"end":{"line":61,"column":34}},"52":{"start":{"line":62,"column":0},"end":{"line":62,"column":33}},"53":{"start":{"line":63,"column":0},"end":{"line":63,"column":36}},"54":{"start":{"line":64,"column":0},"end":{"line":64,"column":45}},"55":{"start":{"line":65,"column":0},"end":{"line":65,"column":48}},"56":{"start":{"line":66,"column":0},"end":{"line":66,"column":27}},"57":{"start":{"line":67,"column":0},"end":{"line":67,"column":32}},"58":{"start":{"line":68,"column":0},"end":{"line":68,"column":35}},"59":{"start":{"line":69,"column":0},"end":{"line":69,"column":31}},"60":{"start":{"line":70,"column":0},"end":{"line":70,"column":34}},"61":{"start":{"line":71,"column":0},"end":{"line":71,"column":31}},"62":{"start":{"line":72,"column":0},"end":{"line":72,"column":32}},"63":{"start":{"line":73,"column":0},"end":{"line":73,"column":29}},"64":{"start":{"line":74,"column":0},"end":{"line":74,"column":34}},"65":{"start":{"line":75,"column":0},"end":{"line":75,"column":30}},"66":{"start":{"line":76,"column":0},"end":{"line":76,"column":32}},"67":{"start":{"line":77,"column":0},"end":{"line":77,"column":39}},"68":{"start":{"line":78,"column":0},"end":{"line":78,"column":32}},"69":{"start":{"line":79,"column":0},"end":{"line":79,"column":30}},"70":{"start":{"line":80,"column":0},"end":{"line":80,"column":34}},"71":{"start":{"line":81,"column":0},"end":{"line":81,"column":29}},"72":{"start":{"line":82,"column":0},"end":{"line":82,"column":28}},"73":{"start":{"line":83,"column":0},"end":{"line":83,"column":30}},"74":{"start":{"line":84,"column":0},"end":{"line":84,"column":28}},"75":{"start":{"line":85,"column":0},"end":{"line":85,"column":30}},"76":{"start":{"line":86,"column":0},"end":{"line":86,"column":36}},"77":{"start":{"line":87,"column":0},"end":{"line":87,"column":28}},"78":{"start":{"line":88,"column":0},"end":{"line":88,"column":30}},"79":{"start":{"line":89,"column":0},"end":{"line":89,"column":33}},"80":{"start":{"line":90,"column":0},"end":{"line":90,"column":33}},"81":{"start":{"line":91,"column":0},"end":{"line":91,"column":35}},"82":{"start":{"line":92,"column":0},"end":{"line":92,"column":34}},"83":{"start":{"line":93,"column":0},"end":{"line":93,"column":28}},"84":{"start":{"line":94,"column":0},"end":{"line":94,"column":34}},"85":{"start":{"line":95,"column":0},"end":{"line":95,"column":34}},"86":{"start":{"line":96,"column":0},"end":{"line":96,"column":42}},"87":{"start":{"line":97,"column":0},"end":{"line":97,"column":33}},"88":{"start":{"line":98,"column":0},"end":{"line":98,"column":34}},"89":{"start":{"line":99,"column":0},"end":{"line":99,"column":30}},"90":{"start":{"line":100,"column":0},"end":{"line":100,"column":32}},"91":{"start":{"line":101,"column":0},"end":{"line":101,"column":40}},"92":{"start":{"line":102,"column":0},"end":{"line":102,"column":38}},"93":{"start":{"line":103,"column":0},"end":{"line":103,"column":36}},"94":{"start":{"line":104,"column":0},"end":{"line":104,"column":29}},"95":{"start":{"line":105,"column":0},"end":{"line":105,"column":31}},"96":{"start":{"line":106,"column":0},"end":{"line":106,"column":31}},"97":{"start":{"line":107,"column":0},"end":{"line":107,"column":30}},"98":{"start":{"line":108,"column":0},"end":{"line":108,"column":34}},"99":{"start":{"line":109,"column":0},"end":{"line":109,"column":31}},"100":{"start":{"line":110,"column":0},"end":{"line":110,"column":35}},"101":{"start":{"line":111,"column":0},"end":{"line":111,"column":29}},"102":{"start":{"line":112,"column":0},"end":{"line":112,"column":38}},"103":{"start":{"line":113,"column":0},"end":{"line":113,"column":30}},"104":{"start":{"line":114,"column":0},"end":{"line":114,"column":31}},"105":{"start":{"line":115,"column":0},"end":{"line":115,"column":29}},"106":{"start":{"line":116,"column":0},"end":{"line":116,"column":34}},"107":{"start":{"line":117,"column":0},"end":{"line":117,"column":34}},"108":{"start":{"line":118,"column":0},"end":{"line":118,"column":34}},"109":{"start":{"line":119,"column":0},"end":{"line":119,"column":36}},"110":{"start":{"line":120,"column":0},"end":{"line":120,"column":31}},"111":{"start":{"line":121,"column":0},"end":{"line":121,"column":34}},"112":{"start":{"line":122,"column":0},"end":{"line":122,"column":36}},"113":{"start":{"line":123,"column":0},"end":{"line":123,"column":29}},"114":{"start":{"line":124,"column":0},"end":{"line":124,"column":33}},"115":{"start":{"line":125,"column":0},"end":{"line":125,"column":34}},"116":{"start":{"line":126,"column":0},"end":{"line":126,"column":34}},"117":{"start":{"line":127,"column":0},"end":{"line":127,"column":33}},"118":{"start":{"line":128,"column":0},"end":{"line":128,"column":37}},"119":{"start":{"line":129,"column":0},"end":{"line":129,"column":37}},"120":{"start":{"line":130,"column":0},"end":{"line":130,"column":32}},"121":{"start":{"line":131,"column":0},"end":{"line":131,"column":36}},"122":{"start":{"line":132,"column":0},"end":{"line":132,"column":34}},"123":{"start":{"line":133,"column":0},"end":{"line":133,"column":32}},"124":{"start":{"line":134,"column":0},"end":{"line":134,"column":34}},"125":{"start":{"line":135,"column":0},"end":{"line":135,"column":31}},"126":{"start":{"line":136,"column":0},"end":{"line":136,"column":36}},"127":{"start":{"line":137,"column":0},"end":{"line":137,"column":35}},"128":{"start":{"line":138,"column":0},"end":{"line":138,"column":37}},"129":{"start":{"line":139,"column":0},"end":{"line":139,"column":35}},"130":{"start":{"line":140,"column":0},"end":{"line":140,"column":39}},"131":{"start":{"line":141,"column":0},"end":{"line":141,"column":28}},"132":{"start":{"line":142,"column":0},"end":{"line":142,"column":31}},"133":{"start":{"line":147,"column":0},"end":{"line":147,"column":44}},"134":{"start":{"line":147,"column":8},"end":{"line":147,"column":44}},"135":{"start":{"line":148,"column":0},"end":{"line":148,"column":40}},"136":{"start":{"line":148,"column":8},"end":{"line":148,"column":40}},"137":{"start":{"line":149,"column":0},"end":{"line":149,"column":44}},"138":{"start":{"line":149,"column":8},"end":{"line":149,"column":44}},"139":{"start":{"line":150,"column":0},"end":{"line":150,"column":46}},"140":{"start":{"line":150,"column":8},"end":{"line":150,"column":46}},"141":{"start":{"line":151,"column":0},"end":{"line":151,"column":50}},"142":{"start":{"line":151,"column":8},"end":{"line":151,"column":50}},"143":{"start":{"line":152,"column":0},"end":{"line":152,"column":69}},"144":{"start":{"line":152,"column":8},"end":{"line":152,"column":69}},"145":{"start":{"line":153,"column":0},"end":{"line":153,"column":73}},"146":{"start":{"line":153,"column":8},"end":{"line":153,"column":73}},"147":{"start":{"line":154,"column":0},"end":{"line":154,"column":44}},"148":{"start":{"line":154,"column":8},"end":{"line":154,"column":44}},"149":{"start":{"line":155,"column":0},"end":{"line":155,"column":45}},"150":{"start":{"line":155,"column":8},"end":{"line":155,"column":45}},"151":{"start":{"line":156,"column":0},"end":{"line":156,"column":71}},"152":{"start":{"line":156,"column":8},"end":{"line":156,"column":71}},"153":{"start":{"line":157,"column":0},"end":{"line":157,"column":71}},"154":{"start":{"line":157,"column":8},"end":{"line":157,"column":71}},"155":{"start":{"line":158,"column":0},"end":{"line":158,"column":63}},"156":{"start":{"line":158,"column":8},"end":{"line":158,"column":63}},"157":{"start":{"line":159,"column":0},"end":{"line":159,"column":53}},"158":{"start":{"line":159,"column":8},"end":{"line":159,"column":53}},"159":{"start":{"line":160,"column":0},"end":{"line":160,"column":47}},"160":{"start":{"line":160,"column":8},"end":{"line":160,"column":47}},"161":{"start":{"line":161,"column":0},"end":{"line":161,"column":54}},"162":{"start":{"line":161,"column":8},"end":{"line":161,"column":54}},"163":{"start":{"line":162,"column":0},"end":{"line":162,"column":70}},"164":{"start":{"line":162,"column":8},"end":{"line":162,"column":70}},"165":{"start":{"line":163,"column":0},"end":{"line":163,"column":103}},"166":{"start":{"line":163,"column":21},"end":{"line":163,"column":33}},"167":{"start":{"line":163,"column":35},"end":{"line":163,"column":44}},"168":{"start":{"line":163,"column":46},"end":{"line":163,"column":103}},"169":{"start":{"line":165,"column":0},"end":{"line":165,"column":38}},"170":{"start":{"line":166,"column":0},"end":{"line":166,"column":40}},"171":{"start":{"line":167,"column":0},"end":{"line":167,"column":40}},"172":{"start":{"line":168,"column":0},"end":{"line":168,"column":58}},"173":{"start":{"line":173,"column":0},"end":{"line":173,"column":69}},"174":{"start":{"line":174,"column":0},"end":{"line":174,"column":57}},"175":{"start":{"line":175,"column":0},"end":{"line":175,"column":63}},"176":{"start":{"line":192,"column":0},"end":{"line":197,"column":1}},"177":{"start":{"line":219,"column":4},"end":{"line":197,"column":2}},"178":{"start":{"line":212,"column":0},"end":{"line":216,"column":1}},"179":{"start":{"line":220,"column":4},"end":{"line":216,"column":2}}},"branchMap":{}},"/Users/blesh/GitHub/blesh/RxJS/src/Subject.ts":{"path":"/Users/blesh/GitHub/blesh/RxJS/src/Subject.ts","s":{"1":1,"2":1,"3":1,"4":1,"5":1,"6":1,"7":1,"8":1,"9":1,"10":189,"11":189,"12":1,"13":1,"14":1,"15":1,"16":1,"17":3820,"18":3820,"19":3820,"20":3820,"21":3820,"22":3820,"23":1,"24":4,"25":1,"26":1367,"27":1367,"28":1367,"29":1,"30":7771,"31":2,"32":7769,"33":7757,"34":7757,"35":7757,"36":7757,"37":6301,"38":1,"39":414,"40":1,"41":413,"42":413,"43":413,"44":413,"45":413,"46":413,"47":413,"48":415,"49":413,"50":1,"51":1777,"52":1,"53":1776,"54":1776,"55":1776,"56":1776,"57":1776,"58":1353,"59":1776,"60":1,"61":41,"62":41,"63":41,"64":1,"65":2640,"66":2,"67":2638,"68":33,"69":33,"70":2605,"71":48,"72":48,"73":2557,"74":2557,"75":1,"76":7,"77":7,"78":7,"79":1,"80":3,"81":1,"82":1,"83":1,"84":1,"85":1,"86":1392,"87":1392,"88":1392,"89":1,"90":27,"91":27,"92":27,"93":1,"94":4,"95":4,"96":4,"97":1,"98":4,"99":4,"100":4,"101":1,"102":1374,"103":1374,"104":1374,"105":0,"106":1,"107":1},"b":{"1":[2,7769],"2":[7757,12],"3":[1,413],"4":[1,1776],"5":[2,2638],"6":[33,2605],"7":[48,2557],"8":[27,0],"9":[27,27],"10":[4,0],"11":[4,4],"12":[4,0],"13":[4,4],"14":[1374,0]},"f":{"1":189,"2":1367,"3":7771,"4":414,"5":2640,"6":3,"7":1392,"8":27,"9":4,"10":1374},"fnMap":{"1":{"name":"SubjectSubscriber","line":14,"loc":{"start":{"line":14,"column":2},"end":{"line":14,"column":47}}},"2":{"name":"(anonymous_8)","line":46,"loc":{"start":{"line":46,"column":2},"end":{"line":46,"column":37}}},"3":{"name":"(anonymous_9)","line":52,"loc":{"start":{"line":52,"column":2},"end":{"line":52,"column":16}}},"4":{"name":"(anonymous_10)","line":66,"loc":{"start":{"line":66,"column":2},"end":{"line":66,"column":16}}},"5":{"name":"(anonymous_13)","line":102,"loc":{"start":{"line":102,"column":2},"end":{"line":102,"column":48}}},"6":{"name":"(anonymous_15)","line":42,"loc":{"start":{"line":42,"column":28},"end":{"line":42,"column":79}}},"7":{"name":"AnonymousSubject","line":128,"loc":{"start":{"line":128,"column":2},"end":{"line":128,"column":73}}},"8":{"name":"(anonymous_18)","line":133,"loc":{"start":{"line":133,"column":2},"end":{"line":133,"column":15}}},"9":{"name":"(anonymous_19)","line":140,"loc":{"start":{"line":140,"column":2},"end":{"line":140,"column":16}}},"10":{"name":"(anonymous_21)","line":154,"loc":{"start":{"line":154,"column":2},"end":{"line":154,"column":48}}}},"statementMap":{"1":{"start":{"line":3,"column":0},"end":{"line":3,"column":40}},"2":{"start":{"line":4,"column":0},"end":{"line":4,"column":40}},"3":{"start":{"line":5,"column":0},"end":{"line":5,"column":59}},"4":{"start":{"line":6,"column":0},"end":{"line":6,"column":71}},"5":{"start":{"line":7,"column":0},"end":{"line":7,"column":58}},"6":{"start":{"line":8,"column":0},"end":{"line":8,"column":53}},"7":{"start":{"line":13,"column":0},"end":{"line":17,"column":1}},"8":{"start":{"line":13,"column":42},"end":{"line":13,"column":55}},"9":{"start":{"line":14,"column":2},"end":{"line":16,"column":3}},"10":{"start":{"line":15,"column":4},"end":{"line":15,"column":23}},"11":{"start":{"line":14,"column":24},"end":{"line":14,"column":47}},"12":{"start":{"line":17,"column":0},"end":{"line":17,"column":1}},"13":{"start":{"line":13,"column":13},"end":{"line":17,"column":1}},"14":{"start":{"line":22,"column":0},"end":{"line":122,"column":1}},"15":{"start":{"line":22,"column":32},"end":{"line":22,"column":45}},"16":{"start":{"line":38,"column":2},"end":{"line":40,"column":3}},"17":{"start":{"line":39,"column":4},"end":{"line":39,"column":12}},"18":{"start":{"line":28,"column":2},"end":{"line":28,"column":32}},"19":{"start":{"line":30,"column":2},"end":{"line":30,"column":17}},"20":{"start":{"line":32,"column":2},"end":{"line":32,"column":20}},"21":{"start":{"line":34,"column":2},"end":{"line":34,"column":19}},"22":{"start":{"line":36,"column":2},"end":{"line":36,"column":26}},"23":{"start":{"line":24,"column":2},"end":{"line":26,"column":3}},"24":{"start":{"line":25,"column":4},"end":{"line":25,"column":39}},"25":{"start":{"line":46,"column":2},"end":{"line":50,"column":3}},"26":{"start":{"line":47,"column":4},"end":{"line":47,"column":53}},"27":{"start":{"line":48,"column":4},"end":{"line":48,"column":32}},"28":{"start":{"line":49,"column":4},"end":{"line":49,"column":24}},"29":{"start":{"line":52,"column":2},"end":{"line":64,"column":3}},"30":{"start":{"line":53,"column":4},"end":{"line":55,"column":5}},"31":{"start":{"line":54,"column":6},"end":{"line":54,"column":42}},"32":{"start":{"line":56,"column":4},"end":{"line":63,"column":5}},"33":{"start":{"line":57,"column":14},"end":{"line":57,"column":33}},"34":{"start":{"line":58,"column":6},"end":{"line":58,"column":35}},"35":{"start":{"line":59,"column":6},"end":{"line":59,"column":37}},"36":{"start":{"line":60,"column":6},"end":{"line":62,"column":7}},"37":{"start":{"line":61,"column":8},"end":{"line":61,"column":28}},"38":{"start":{"line":66,"column":2},"end":{"line":80,"column":3}},"39":{"start":{"line":67,"column":4},"end":{"line":69,"column":5}},"40":{"start":{"line":68,"column":6},"end":{"line":68,"column":42}},"41":{"start":{"line":70,"column":4},"end":{"line":70,"column":25}},"42":{"start":{"line":71,"column":4},"end":{"line":71,"column":27}},"43":{"start":{"line":72,"column":4},"end":{"line":72,"column":26}},"44":{"start":{"line":73,"column":12},"end":{"line":73,"column":31}},"45":{"start":{"line":74,"column":4},"end":{"line":74,"column":33}},"46":{"start":{"line":75,"column":4},"end":{"line":75,"column":35}},"47":{"start":{"line":76,"column":4},"end":{"line":78,"column":5}},"48":{"start":{"line":77,"column":6},"end":{"line":77,"column":25}},"49":{"start":{"line":79,"column":4},"end":{"line":79,"column":30}},"50":{"start":{"line":82,"column":2},"end":{"line":94,"column":3}},"51":{"start":{"line":83,"column":4},"end":{"line":85,"column":5}},"52":{"start":{"line":84,"column":6},"end":{"line":84,"column":42}},"53":{"start":{"line":86,"column":4},"end":{"line":86,"column":26}},"54":{"start":{"line":87,"column":12},"end":{"line":87,"column":31}},"55":{"start":{"line":88,"column":4},"end":{"line":88,"column":33}},"56":{"start":{"line":89,"column":4},"end":{"line":89,"column":35}},"57":{"start":{"line":90,"column":4},"end":{"line":92,"column":5}},"58":{"start":{"line":91,"column":6},"end":{"line":91,"column":25}},"59":{"start":{"line":93,"column":4},"end":{"line":93,"column":30}},"60":{"start":{"line":96,"column":2},"end":{"line":100,"column":3}},"61":{"start":{"line":97,"column":4},"end":{"line":97,"column":26}},"62":{"start":{"line":98,"column":4},"end":{"line":98,"column":23}},"63":{"start":{"line":99,"column":4},"end":{"line":99,"column":26}},"64":{"start":{"line":102,"column":12},"end":{"line":115,"column":3}},"65":{"start":{"line":103,"column":4},"end":{"line":114,"column":5}},"66":{"start":{"line":104,"column":6},"end":{"line":104,"column":42}},"67":{"start":{"line":105,"column":11},"end":{"line":114,"column":5}},"68":{"start":{"line":106,"column":6},"end":{"line":106,"column":41}},"69":{"start":{"line":107,"column":6},"end":{"line":107,"column":32}},"70":{"start":{"line":108,"column":11},"end":{"line":114,"column":5}},"71":{"start":{"line":109,"column":6},"end":{"line":109,"column":28}},"72":{"start":{"line":110,"column":6},"end":{"line":110,"column":32}},"73":{"start":{"line":112,"column":6},"end":{"line":112,"column":38}},"74":{"start":{"line":113,"column":6},"end":{"line":113,"column":55}},"75":{"start":{"line":117,"column":2},"end":{"line":121,"column":3}},"76":{"start":{"line":118,"column":4},"end":{"line":118,"column":43}},"77":{"start":{"line":119,"column":10},"end":{"line":119,"column":36}},"78":{"start":{"line":120,"column":4},"end":{"line":120,"column":22}},"79":{"start":{"line":42,"column":9},"end":{"line":44,"column":4}},"80":{"start":{"line":43,"column":4},"end":{"line":43,"column":56}},"81":{"start":{"line":122,"column":0},"end":{"line":122,"column":1}},"82":{"start":{"line":22,"column":13},"end":{"line":122,"column":1}},"83":{"start":{"line":127,"column":0},"end":{"line":162,"column":1}},"84":{"start":{"line":127,"column":41},"end":{"line":127,"column":51}},"85":{"start":{"line":128,"column":2},"end":{"line":131,"column":3}},"86":{"start":{"line":129,"column":4},"end":{"line":129,"column":12}},"87":{"start":{"line":128,"column":24},"end":{"line":128,"column":49}},"88":{"start":{"line":130,"column":4},"end":{"line":130,"column":25}},"89":{"start":{"line":133,"column":2},"end":{"line":138,"column":3}},"90":{"start":{"line":134,"column":12},"end":{"line":134,"column":33}},"91":{"start":{"line":135,"column":4},"end":{"line":137,"column":5}},"92":{"start":{"line":136,"column":6},"end":{"line":136,"column":30}},"93":{"start":{"line":140,"column":2},"end":{"line":145,"column":3}},"94":{"start":{"line":141,"column":12},"end":{"line":141,"column":33}},"95":{"start":{"line":142,"column":4},"end":{"line":144,"column":5}},"96":{"start":{"line":143,"column":6},"end":{"line":143,"column":34}},"97":{"start":{"line":147,"column":2},"end":{"line":152,"column":3}},"98":{"start":{"line":148,"column":12},"end":{"line":148,"column":33}},"99":{"start":{"line":149,"column":4},"end":{"line":151,"column":5}},"100":{"start":{"line":150,"column":6},"end":{"line":150,"column":34}},"101":{"start":{"line":154,"column":12},"end":{"line":161,"column":3}},"102":{"start":{"line":155,"column":12},"end":{"line":155,"column":28}},"103":{"start":{"line":156,"column":4},"end":{"line":160,"column":5}},"104":{"start":{"line":157,"column":6},"end":{"line":157,"column":47}},"105":{"start":{"line":159,"column":6},"end":{"line":159,"column":32}},"106":{"start":{"line":162,"column":0},"end":{"line":162,"column":1}},"107":{"start":{"line":127,"column":13},"end":{"line":162,"column":1}}},"branchMap":{"1":{"line":53,"type":"if","locations":[{"start":{"line":53,"column":4},"end":{"line":53,"column":3}},{"start":{"line":53,"column":4},"end":{"line":53,"column":3}}]},"2":{"line":56,"type":"if","locations":[{"start":{"line":56,"column":4},"end":{"line":56,"column":3}},{"start":{"line":56,"column":4},"end":{"line":56,"column":3}}]},"3":{"line":67,"type":"if","locations":[{"start":{"line":67,"column":4},"end":{"line":67,"column":3}},{"start":{"line":67,"column":4},"end":{"line":67,"column":3}}]},"4":{"line":83,"type":"if","locations":[{"start":{"line":83,"column":4},"end":{"line":83,"column":3}},{"start":{"line":83,"column":4},"end":{"line":83,"column":3}}]},"5":{"line":103,"type":"if","locations":[{"start":{"line":103,"column":4},"end":{"line":103,"column":3}},{"start":{"line":103,"column":4},"end":{"line":103,"column":3}}]},"6":{"line":105,"type":"if","locations":[{"start":{"line":105,"column":11},"end":{"line":105,"column":10}},{"start":{"line":105,"column":11},"end":{"line":105,"column":10}}]},"7":{"line":108,"type":"if","locations":[{"start":{"line":108,"column":11},"end":{"line":108,"column":10}},{"start":{"line":108,"column":11},"end":{"line":108,"column":10}}]},"8":{"line":135,"type":"if","locations":[{"start":{"line":135,"column":4},"end":{"line":135,"column":3}},{"start":{"line":135,"column":4},"end":{"line":135,"column":3}}]},"9":{"line":135,"type":"binary-expr","locations":[{"start":{"line":135,"column":8},"end":{"line":135,"column":19}},{"start":{"line":135,"column":23},"end":{"line":135,"column":39}}]},"10":{"line":142,"type":"if","locations":[{"start":{"line":142,"column":4},"end":{"line":142,"column":3}},{"start":{"line":142,"column":4},"end":{"line":142,"column":3}}]},"11":{"line":142,"type":"binary-expr","locations":[{"start":{"line":142,"column":8},"end":{"line":142,"column":19}},{"start":{"line":142,"column":23},"end":{"line":142,"column":40}}]},"12":{"line":149,"type":"if","locations":[{"start":{"line":149,"column":4},"end":{"line":149,"column":3}},{"start":{"line":149,"column":4},"end":{"line":149,"column":3}}]},"13":{"line":149,"type":"binary-expr","locations":[{"start":{"line":149,"column":8},"end":{"line":149,"column":19}},{"start":{"line":149,"column":23},"end":{"line":149,"column":43}}]},"14":{"line":156,"type":"if","locations":[{"start":{"line":156,"column":4},"end":{"line":156,"column":3}},{"start":{"line":156,"column":4},"end":{"line":156,"column":3}}]}}},"/Users/blesh/GitHub/blesh/RxJS/src/Observable.ts":{"path":"/Users/blesh/GitHub/blesh/RxJS/src/Observable.ts","s":{"1":1,"2":1,"3":1,"4":1,"5":1,"6":8706,"7":8706,"8":1645,"9":1,"10":1248,"11":1248,"12":1248,"13":1248,"14":1,"15":8908,"16":8908,"17":8908,"18":2846,"19":6062,"20":8904,"21":2835,"22":2835,"23":7,"24":8897,"25":1,"26":6,"27":6,"28":3,"29":1,"30":2,"31":2,"32":6,"33":0,"34":6,"35":6,"36":11,"37":2,"38":2,"39":1,"40":1,"41":9,"42":1,"43":1478,"44":1,"45":4,"46":1,"47":23,"48":1,"49":1},"b":{"1":[1645,7061],"2":[2846,6062],"3":[2835,6069],"4":[7,2828],"5":[3,3],"6":[1,2],"7":[3,1,1],"8":[2,0],"9":[0,6],"10":[2,9]},"f":{"1":8706,"2":1248,"3":8908,"4":6,"5":6,"6":11,"7":1478,"8":23},"fnMap":{"1":{"name":"Observable","line":40,"loc":{"start":{"line":40,"column":2},"end":{"line":40,"column":73}}},"2":{"name":"(anonymous_3)","line":67,"loc":{"start":{"line":67,"column":2},"end":{"line":67,"column":34}}},"3":{"name":"(anonymous_4)","line":85,"loc":{"start":{"line":85,"column":2},"end":{"line":87,"column":33}}},"4":{"name":"(anonymous_5)","line":115,"loc":{"start":{"line":115,"column":2},"end":{"line":115,"column":64}}},"5":{"name":"(anonymous_6)","line":128,"loc":{"start":{"line":128,"column":33},"end":{"line":128,"column":49}}},"6":{"name":"(anonymous_7)","line":129,"loc":{"start":{"line":129,"column":42},"end":{"line":129,"column":48}}},"7":{"name":"(anonymous_8)","line":154,"loc":{"start":{"line":154,"column":2},"end":{"line":154,"column":50}}},"8":{"name":"(anonymous_10)","line":56,"loc":{"start":{"line":56,"column":28},"end":{"line":56,"column":91}}}},"statementMap":{"1":{"start":{"line":5,"column":0},"end":{"line":5,"column":33}},"2":{"start":{"line":6,"column":0},"end":{"line":6,"column":49}},"3":{"start":{"line":9,"column":0},"end":{"line":9,"column":49}},"4":{"start":{"line":26,"column":0},"end":{"line":170,"column":1}},"5":{"start":{"line":40,"column":2},"end":{"line":44,"column":3}},"6":{"start":{"line":28,"column":9},"end":{"line":28,"column":36}},"7":{"start":{"line":41,"column":4},"end":{"line":43,"column":5}},"8":{"start":{"line":42,"column":6},"end":{"line":42,"column":34}},"9":{"start":{"line":67,"column":2},"end":{"line":72,"column":3}},"10":{"start":{"line":68,"column":4},"end":{"line":68,"column":43}},"11":{"start":{"line":69,"column":4},"end":{"line":69,"column":29}},"12":{"start":{"line":70,"column":4},"end":{"line":70,"column":35}},"13":{"start":{"line":71,"column":4},"end":{"line":71,"column":22}},"14":{"start":{"line":85,"column":2},"end":{"line":106,"column":3}},"15":{"start":{"line":89,"column":12},"end":{"line":89,"column":30}},"16":{"start":{"line":90,"column":4},"end":{"line":90,"column":63}},"17":{"start":{"line":92,"column":4},"end":{"line":96,"column":5}},"18":{"start":{"line":93,"column":6},"end":{"line":93,"column":32}},"19":{"start":{"line":95,"column":6},"end":{"line":95,"column":38}},"20":{"start":{"line":98,"column":4},"end":{"line":103,"column":5}},"21":{"start":{"line":99,"column":6},"end":{"line":99,"column":38}},"22":{"start":{"line":100,"column":6},"end":{"line":102,"column":7}},"23":{"start":{"line":101,"column":8},"end":{"line":101,"column":34}},"24":{"start":{"line":105,"column":4},"end":{"line":105,"column":16}},"25":{"start":{"line":115,"column":2},"end":{"line":152,"column":3}},"26":{"start":{"line":115,"column":2},"end":{"line":152,"column":3}},"27":{"start":{"line":116,"column":4},"end":{"line":122,"column":5}},"28":{"start":{"line":117,"column":6},"end":{"line":121,"column":7}},"29":{"start":{"line":118,"column":8},"end":{"line":118,"column":45}},"30":{"start":{"line":119,"column":13},"end":{"line":121,"column":7}},"31":{"start":{"line":120,"column":8},"end":{"line":120,"column":35}},"32":{"start":{"line":124,"column":4},"end":{"line":126,"column":5}},"33":{"start":{"line":125,"column":6},"end":{"line":125,"column":47}},"34":{"start":{"line":128,"column":4},"end":{"line":151,"column":7}},"35":{"start":{"line":129,"column":6},"end":{"line":150,"column":26}},"36":{"start":{"line":130,"column":8},"end":{"line":149,"column":9}},"37":{"start":{"line":135,"column":10},"end":{"line":140,"column":11}},"38":{"start":{"line":136,"column":12},"end":{"line":136,"column":24}},"39":{"start":{"line":138,"column":12},"end":{"line":138,"column":24}},"40":{"start":{"line":139,"column":12},"end":{"line":139,"column":39}},"41":{"start":{"line":148,"column":10},"end":{"line":148,"column":22}},"42":{"start":{"line":154,"column":12},"end":{"line":156,"column":3}},"43":{"start":{"line":155,"column":4},"end":{"line":155,"column":45}},"44":{"start":{"line":167,"column":2},"end":{"line":169,"column":3}},"45":{"start":{"line":168,"column":4},"end":{"line":168,"column":16}},"46":{"start":{"line":56,"column":9},"end":{"line":58,"column":4}},"47":{"start":{"line":57,"column":4},"end":{"line":57,"column":40}},"48":{"start":{"line":170,"column":0},"end":{"line":170,"column":1}},"49":{"start":{"line":26,"column":13},"end":{"line":170,"column":1}}},"branchMap":{"1":{"line":41,"type":"if","locations":[{"start":{"line":41,"column":4},"end":{"line":41,"column":3}},{"start":{"line":41,"column":4},"end":{"line":41,"column":3}}]},"2":{"line":92,"type":"if","locations":[{"start":{"line":92,"column":4},"end":{"line":92,"column":3}},{"start":{"line":92,"column":4},"end":{"line":92,"column":3}}]},"3":{"line":98,"type":"if","locations":[{"start":{"line":98,"column":4},"end":{"line":98,"column":3}},{"start":{"line":98,"column":4},"end":{"line":98,"column":3}}]},"4":{"line":100,"type":"if","locations":[{"start":{"line":100,"column":6},"end":{"line":100,"column":5}},{"start":{"line":100,"column":6},"end":{"line":100,"column":5}}]},"5":{"line":116,"type":"if","locations":[{"start":{"line":116,"column":4},"end":{"line":116,"column":3}},{"start":{"line":116,"column":4},"end":{"line":116,"column":3}}]},"6":{"line":117,"type":"if","locations":[{"start":{"line":117,"column":6},"end":{"line":117,"column":5}},{"start":{"line":117,"column":6},"end":{"line":117,"column":5}}]},"7":{"line":117,"type":"binary-expr","locations":[{"start":{"line":117,"column":10},"end":{"line":117,"column":17}},{"start":{"line":117,"column":21},"end":{"line":117,"column":35}},{"start":{"line":117,"column":39},"end":{"line":117,"column":61}}]},"8":{"line":119,"type":"if","locations":[{"start":{"line":119,"column":13},"end":{"line":119,"column":12}},{"start":{"line":119,"column":13},"end":{"line":119,"column":12}}]},"9":{"line":124,"type":"if","locations":[{"start":{"line":124,"column":4},"end":{"line":124,"column":3}},{"start":{"line":124,"column":4},"end":{"line":124,"column":3}}]},"10":{"line":130,"type":"if","locations":[{"start":{"line":130,"column":8},"end":{"line":130,"column":7}},{"start":{"line":130,"column":8},"end":{"line":130,"column":7}}]}}},"/Users/blesh/GitHub/blesh/RxJS/src/util/root.ts":{"path":"/Users/blesh/GitHub/blesh/RxJS/src/util/root.ts","s":{"1":1,"2":1,"3":1,"4":1,"5":1,"6":1,"7":1},"b":{"1":[1,0,1,0],"2":[1,1,1,1],"3":[1,1,1,1],"4":[1,1],"5":[1,0],"6":[1,1,0]},"f":{},"fnMap":{},"statementMap":{"1":{"start":{"line":1,"column":0},"end":{"line":8,"column":2}},"2":{"start":{"line":21,"column":11},"end":{"line":21,"column":100}},"3":{"start":{"line":24,"column":0},"end":{"line":24,"column":89}},"4":{"start":{"line":25,"column":0},"end":{"line":25,"column":84}},"5":{"start":{"line":26,"column":0},"end":{"line":26,"column":54}},"6":{"start":{"line":28,"column":0},"end":{"line":30,"column":1}},"7":{"start":{"line":29,"column":2},"end":{"line":29,"column":20}}},"branchMap":{"1":{"line":21,"type":"binary-expr","locations":[{"start":{"line":21,"column":24},"end":{"line":21,"column":48}},{"start":{"line":21,"column":52},"end":{"line":21,"column":56}},{"start":{"line":21,"column":62},"end":{"line":21,"column":88}},{"start":{"line":21,"column":92},"end":{"line":21,"column":98}}]},"2":{"line":24,"type":"binary-expr","locations":[{"start":{"line":24,"column":18},"end":{"line":24,"column":45}},{"start":{"line":24,"column":49},"end":{"line":24,"column":56}},{"start":{"line":24,"column":60},"end":{"line":24,"column":77}},{"start":{"line":24,"column":81},"end":{"line":24,"column":88}}]},"3":{"line":25,"type":"binary-expr","locations":[{"start":{"line":25,"column":17},"end":{"line":25,"column":43}},{"start":{"line":25,"column":47},"end":{"line":25,"column":53}},{"start":{"line":25,"column":57},"end":{"line":25,"column":73}},{"start":{"line":25,"column":77},"end":{"line":25,"column":83}}]},"4":{"line":26,"type":"binary-expr","locations":[{"start":{"line":26,"column":17},"end":{"line":26,"column":43}},{"start":{"line":26,"column":47},"end":{"line":26,"column":53}}]},"5":{"line":28,"type":"if","locations":[{"start":{"line":28,"column":0},"end":{"line":28,"column":-1}},{"start":{"line":28,"column":0},"end":{"line":28,"column":-1}}]},"6":{"line":28,"type":"binary-expr","locations":[{"start":{"line":28,"column":4},"end":{"line":28,"column":14}},{"start":{"line":28,"column":19},"end":{"line":28,"column":51}},{"start":{"line":28,"column":55},"end":{"line":28,"column":87}}]}}},"/Users/blesh/GitHub/blesh/RxJS/src/util/toSubscriber.ts":{"path":"/Users/blesh/GitHub/blesh/RxJS/src/util/toSubscriber.ts","s":{"1":1,"2":1,"3":1,"4":8908,"5":8843,"6":6203,"7":2640,"8":4,"9":2701,"10":56,"11":2645,"12":1},"b":{"1":[8843,65],"2":[6203,2640],"3":[4,2636],"4":[56,2645],"5":[2701,65,57]},"f":{"1":8908},"fnMap":{"1":{"name":"toSubscriber","line":5,"loc":{"start":{"line":5,"column":0},"end":{"line":8,"column":23}}}},"statementMap":{"1":{"start":{"line":2,"column":0},"end":{"line":2,"column":41}},"2":{"start":{"line":3,"column":0},"end":{"line":3,"column":54}},"3":{"start":{"line":5,"column":0},"end":{"line":25,"column":1}},"4":{"start":{"line":10,"column":2},"end":{"line":18,"column":3}},"5":{"start":{"line":11,"column":4},"end":{"line":13,"column":5}},"6":{"start":{"line":12,"column":6},"end":{"line":12,"column":46}},"7":{"start":{"line":15,"column":4},"end":{"line":17,"column":5}},"8":{"start":{"line":16,"column":6},"end":{"line":16,"column":46}},"9":{"start":{"line":20,"column":2},"end":{"line":22,"column":3}},"10":{"start":{"line":21,"column":4},"end":{"line":21,"column":28}},"11":{"start":{"line":24,"column":2},"end":{"line":24,"column":57}},"12":{"start":{"line":5,"column":16},"end":{"line":25,"column":1}}},"branchMap":{"1":{"line":10,"type":"if","locations":[{"start":{"line":10,"column":2},"end":{"line":10,"column":1}},{"start":{"line":10,"column":2},"end":{"line":10,"column":1}}]},"2":{"line":11,"type":"if","locations":[{"start":{"line":11,"column":4},"end":{"line":11,"column":3}},{"start":{"line":11,"column":4},"end":{"line":11,"column":3}}]},"3":{"line":15,"type":"if","locations":[{"start":{"line":15,"column":4},"end":{"line":15,"column":3}},{"start":{"line":15,"column":4},"end":{"line":15,"column":3}}]},"4":{"line":20,"type":"if","locations":[{"start":{"line":20,"column":2},"end":{"line":20,"column":1}},{"start":{"line":20,"column":2},"end":{"line":20,"column":1}}]},"5":{"line":20,"type":"binary-expr","locations":[{"start":{"line":20,"column":6},"end":{"line":20,"column":21}},{"start":{"line":20,"column":25},"end":{"line":20,"column":31}},{"start":{"line":20,"column":35},"end":{"line":20,"column":44}}]}}},"/Users/blesh/GitHub/blesh/RxJS/src/Subscriber.ts":{"path":"/Users/blesh/GitHub/blesh/RxJS/src/Subscriber.ts","s":{"1":1,"2":1,"3":1,"4":1,"5":1,"6":1,"7":1,"8":12237,"9":12237,"10":12237,"11":12237,"12":12237,"13":12237,"14":6053,"15":6053,"16":3429,"17":0,"18":0,"19":3429,"20":3424,"21":3232,"22":3232,"23":192,"24":192,"25":3424,"26":2760,"27":2760,"28":2760,"29":1,"30":0,"31":1,"32":30,"33":30,"34":30,"35":1,"36":38610,"37":38588,"38":1,"39":1408,"40":1369,"41":1369,"42":1,"43":5193,"44":5053,"45":5053,"46":1,"47":14877,"48":4170,"49":10707,"50":10707,"51":1,"52":8029,"53":1,"54":1047,"55":1042,"56":1,"57":2105,"58":2103,"59":1,"60":1,"61":1,"62":1,"63":1,"64":2952,"65":2952,"66":2952,"67":2952,"68":2952,"69":2705,"70":247,"71":226,"72":226,"73":226,"74":226,"75":226,"76":193,"77":226,"78":2952,"79":2952,"80":2952,"81":2952,"82":1,"83":6188,"84":6151,"85":6151,"86":5569,"87":582,"88":8,"89":1,"90":662,"91":662,"92":662,"93":660,"94":610,"95":609,"96":50,"97":50,"98":2,"99":0,"100":0,"101":2,"102":2,"103":2,"104":1,"105":1404,"106":1404,"107":1404,"108":1327,"109":1165,"110":1163,"111":162,"112":162,"113":77,"114":1,"115":7344,"116":7344,"117":6,"118":6,"119":1,"120":794,"121":794,"122":10,"123":10,"124":10,"125":784,"126":1,"127":2083,"128":2083,"129":2083,"130":2083,"131":1},"b":{"1":[6053,3429,2760],"2":[0,3429],"3":[3424,5],"4":[3232,192],"5":[38588,22],"6":[1369,39],"7":[5053,140],"8":[4170,10707],"9":[2705,247],"10":[226,21],"11":[193,33],"12":[6151,37],"13":[6188,6188],"14":[5569,582],"15":[8,574],"16":[662,0],"17":[660,2],"18":[610,50],"19":[0,2],"20":[1404,0],"21":[1327,77],"22":[1165,162]},"f":{"1":12237,"2":0,"3":30,"4":38610,"5":1408,"6":8029,"7":1047,"8":2952,"9":6188,"10":662,"11":7344,"12":794},"fnMap":{"1":{"name":"Subscriber","line":55,"loc":{"start":{"line":55,"column":2},"end":{"line":57,"column":35}}},"2":{"name":"(anonymous_5)","line":19,"loc":{"start":{"line":19,"column":2},"end":{"line":19,"column":22}}},"3":{"name":"(anonymous_6)","line":32,"loc":{"start":{"line":32,"column":2},"end":{"line":34,"column":40}}},"4":{"name":"(anonymous_7)","line":93,"loc":{"start":{"line":93,"column":2},"end":{"line":93,"column":16}}},"5":{"name":"(anonymous_8)","line":106,"loc":{"start":{"line":106,"column":2},"end":{"line":106,"column":17}}},"6":{"name":"(anonymous_11)","line":134,"loc":{"start":{"line":134,"column":2},"end":{"line":134,"column":26}}},"7":{"name":"(anonymous_12)","line":138,"loc":{"start":{"line":138,"column":2},"end":{"line":138,"column":27}}},"8":{"name":"SafeSubscriber","line":158,"loc":{"start":{"line":158,"column":2},"end":{"line":161,"column":35}}},"9":{"name":"(anonymous_16)","line":186,"loc":{"start":{"line":186,"column":2},"end":{"line":186,"column":16}}},"10":{"name":"(anonymous_17)","line":197,"loc":{"start":{"line":197,"column":2},"end":{"line":197,"column":17}}},"11":{"name":"(anonymous_19)","line":236,"loc":{"start":{"line":236,"column":2},"end":{"line":236,"column":48}}},"12":{"name":"(anonymous_20)","line":245,"loc":{"start":{"line":245,"column":2},"end":{"line":245,"column":74}}}},"statementMap":{"1":{"start":{"line":1,"column":0},"end":{"line":1,"column":45}},"2":{"start":{"line":3,"column":0},"end":{"line":3,"column":44}},"3":{"start":{"line":4,"column":0},"end":{"line":4,"column":50}},"4":{"start":{"line":5,"column":0},"end":{"line":5,"column":53}},"5":{"start":{"line":17,"column":0},"end":{"line":147,"column":1}},"6":{"start":{"line":17,"column":35},"end":{"line":17,"column":47}},"7":{"start":{"line":55,"column":2},"end":{"line":84,"column":3}},"8":{"start":{"line":58,"column":4},"end":{"line":58,"column":12}},"9":{"start":{"line":40,"column":9},"end":{"line":40,"column":36}},"10":{"start":{"line":41,"column":9},"end":{"line":41,"column":42}},"11":{"start":{"line":42,"column":9},"end":{"line":42,"column":45}},"12":{"start":{"line":44,"column":12},"end":{"line":44,"column":39}},"13":{"start":{"line":60,"column":4},"end":{"line":83,"column":5}},"14":{"start":{"line":62,"column":8},"end":{"line":62,"column":41}},"15":{"start":{"line":63,"column":8},"end":{"line":63,"column":14}},"16":{"start":{"line":65,"column":8},"end":{"line":68,"column":9}},"17":{"start":{"line":66,"column":10},"end":{"line":66,"column":43}},"18":{"start":{"line":67,"column":10},"end":{"line":67,"column":16}},"19":{"start":{"line":69,"column":8},"end":{"line":78,"column":9}},"20":{"start":{"line":70,"column":10},"end":{"line":76,"column":11}},"21":{"start":{"line":71,"column":12},"end":{"line":71,"column":69}},"22":{"start":{"line":72,"column":19},"end":{"line":72,"column":47}},"23":{"start":{"line":74,"column":12},"end":{"line":74,"column":43}},"24":{"start":{"line":75,"column":12},"end":{"line":75,"column":101}},"25":{"start":{"line":77,"column":10},"end":{"line":77,"column":16}},"26":{"start":{"line":80,"column":8},"end":{"line":80,"column":39}},"27":{"start":{"line":81,"column":8},"end":{"line":81,"column":114}},"28":{"start":{"line":82,"column":8},"end":{"line":82,"column":14}},"29":{"start":{"line":19,"column":2},"end":{"line":19,"column":37}},"30":{"start":{"line":19,"column":23},"end":{"line":19,"column":35}},"31":{"start":{"line":32,"column":9},"end":{"line":38,"column":3}},"32":{"start":{"line":35,"column":4},"end":{"line":35,"column":61}},"33":{"start":{"line":36,"column":4},"end":{"line":36,"column":42}},"34":{"start":{"line":37,"column":4},"end":{"line":37,"column":22}},"35":{"start":{"line":93,"column":2},"end":{"line":97,"column":3}},"36":{"start":{"line":94,"column":4},"end":{"line":96,"column":5}},"37":{"start":{"line":95,"column":6},"end":{"line":95,"column":24}},"38":{"start":{"line":106,"column":2},"end":{"line":111,"column":3}},"39":{"start":{"line":107,"column":4},"end":{"line":110,"column":5}},"40":{"start":{"line":108,"column":6},"end":{"line":108,"column":28}},"41":{"start":{"line":109,"column":6},"end":{"line":109,"column":23}},"42":{"start":{"line":119,"column":2},"end":{"line":124,"column":3}},"43":{"start":{"line":120,"column":4},"end":{"line":123,"column":5}},"44":{"start":{"line":121,"column":6},"end":{"line":121,"column":28}},"45":{"start":{"line":122,"column":6},"end":{"line":122,"column":23}},"46":{"start":{"line":126,"column":2},"end":{"line":132,"column":3}},"47":{"start":{"line":127,"column":4},"end":{"line":129,"column":5}},"48":{"start":{"line":128,"column":6},"end":{"line":128,"column":13}},"49":{"start":{"line":130,"column":4},"end":{"line":130,"column":26}},"50":{"start":{"line":131,"column":4},"end":{"line":131,"column":24}},"51":{"start":{"line":134,"column":12},"end":{"line":136,"column":3}},"52":{"start":{"line":135,"column":4},"end":{"line":135,"column":33}},"53":{"start":{"line":138,"column":12},"end":{"line":141,"column":3}},"54":{"start":{"line":139,"column":4},"end":{"line":139,"column":32}},"55":{"start":{"line":140,"column":4},"end":{"line":140,"column":23}},"56":{"start":{"line":143,"column":12},"end":{"line":146,"column":3}},"57":{"start":{"line":144,"column":4},"end":{"line":144,"column":32}},"58":{"start":{"line":145,"column":4},"end":{"line":145,"column":23}},"59":{"start":{"line":147,"column":0},"end":{"line":147,"column":1}},"60":{"start":{"line":17,"column":13},"end":{"line":147,"column":1}},"61":{"start":{"line":154,"column":0},"end":{"line":262,"column":1}},"62":{"start":{"line":154,"column":32},"end":{"line":154,"column":45}},"63":{"start":{"line":158,"column":2},"end":{"line":184,"column":3}},"64":{"start":{"line":162,"column":4},"end":{"line":162,"column":12}},"65":{"start":{"line":158,"column":22},"end":{"line":158,"column":44}},"66":{"start":{"line":164,"column":4},"end":{"line":164,"column":35}},"67":{"start":{"line":165,"column":4},"end":{"line":165,"column":28}},"68":{"start":{"line":167,"column":4},"end":{"line":178,"column":5}},"69":{"start":{"line":168,"column":6},"end":{"line":168,"column":53}},"70":{"start":{"line":169,"column":11},"end":{"line":178,"column":5}},"71":{"start":{"line":170,"column":6},"end":{"line":170,"column":31}},"72":{"start":{"line":171,"column":6},"end":{"line":171,"column":56}},"73":{"start":{"line":172,"column":6},"end":{"line":172,"column":58}},"74":{"start":{"line":173,"column":6},"end":{"line":173,"column":64}},"75":{"start":{"line":174,"column":6},"end":{"line":176,"column":7}},"76":{"start":{"line":175,"column":8},"end":{"line":175,"column":65}},"77":{"start":{"line":177,"column":6},"end":{"line":177,"column":56}},"78":{"start":{"line":180,"column":4},"end":{"line":180,"column":28}},"79":{"start":{"line":181,"column":4},"end":{"line":181,"column":22}},"80":{"start":{"line":182,"column":4},"end":{"line":182,"column":24}},"81":{"start":{"line":183,"column":4},"end":{"line":183,"column":30}},"82":{"start":{"line":186,"column":2},"end":{"line":195,"column":3}},"83":{"start":{"line":187,"column":4},"end":{"line":194,"column":5}},"84":{"start":{"line":188,"column":14},"end":{"line":188,"column":31}},"85":{"start":{"line":189,"column":6},"end":{"line":193,"column":7}},"86":{"start":{"line":190,"column":8},"end":{"line":190,"column":45}},"87":{"start":{"line":191,"column":13},"end":{"line":193,"column":7}},"88":{"start":{"line":192,"column":8},"end":{"line":192,"column":27}},"89":{"start":{"line":197,"column":2},"end":{"line":217,"column":3}},"90":{"start":{"line":198,"column":4},"end":{"line":216,"column":5}},"91":{"start":{"line":199,"column":14},"end":{"line":199,"column":31}},"92":{"start":{"line":200,"column":6},"end":{"line":215,"column":7}},"93":{"start":{"line":201,"column":8},"end":{"line":207,"column":9}},"94":{"start":{"line":202,"column":10},"end":{"line":202,"column":46}},"95":{"start":{"line":203,"column":10},"end":{"line":203,"column":29}},"96":{"start":{"line":205,"column":10},"end":{"line":205,"column":58}},"97":{"start":{"line":206,"column":10},"end":{"line":206,"column":29}},"98":{"start":{"line":208,"column":13},"end":{"line":215,"column":7}},"99":{"start":{"line":209,"column":8},"end":{"line":209,"column":27}},"100":{"start":{"line":210,"column":8},"end":{"line":210,"column":18}},"101":{"start":{"line":212,"column":8},"end":{"line":212,"column":37}},"102":{"start":{"line":213,"column":8},"end":{"line":213,"column":39}},"103":{"start":{"line":214,"column":8},"end":{"line":214,"column":27}},"104":{"start":{"line":219,"column":2},"end":{"line":234,"column":3}},"105":{"start":{"line":220,"column":4},"end":{"line":233,"column":5}},"106":{"start":{"line":221,"column":14},"end":{"line":221,"column":31}},"107":{"start":{"line":222,"column":6},"end":{"line":232,"column":7}},"108":{"start":{"line":223,"column":8},"end":{"line":229,"column":9}},"109":{"start":{"line":224,"column":10},"end":{"line":224,"column":44}},"110":{"start":{"line":225,"column":10},"end":{"line":225,"column":29}},"111":{"start":{"line":227,"column":10},"end":{"line":227,"column":56}},"112":{"start":{"line":228,"column":10},"end":{"line":228,"column":29}},"113":{"start":{"line":231,"column":8},"end":{"line":231,"column":27}},"114":{"start":{"line":236,"column":10},"end":{"line":243,"column":3}},"115":{"start":{"line":237,"column":4},"end":{"line":242,"column":5}},"116":{"start":{"line":238,"column":6},"end":{"line":238,"column":36}},"117":{"start":{"line":240,"column":6},"end":{"line":240,"column":25}},"118":{"start":{"line":241,"column":6},"end":{"line":241,"column":16}},"119":{"start":{"line":245,"column":10},"end":{"line":254,"column":3}},"120":{"start":{"line":246,"column":4},"end":{"line":252,"column":5}},"121":{"start":{"line":247,"column":6},"end":{"line":247,"column":36}},"122":{"start":{"line":249,"column":6},"end":{"line":249,"column":34}},"123":{"start":{"line":250,"column":6},"end":{"line":250,"column":36}},"124":{"start":{"line":251,"column":6},"end":{"line":251,"column":18}},"125":{"start":{"line":253,"column":4},"end":{"line":253,"column":17}},"126":{"start":{"line":256,"column":12},"end":{"line":261,"column":3}},"127":{"start":{"line":257,"column":12},"end":{"line":257,"column":29}},"128":{"start":{"line":258,"column":4},"end":{"line":258,"column":25}},"129":{"start":{"line":259,"column":4},"end":{"line":259,"column":24}},"130":{"start":{"line":260,"column":4},"end":{"line":260,"column":26}},"131":{"start":{"line":262,"column":0},"end":{"line":262,"column":1}}},"branchMap":{"1":{"line":61,"type":"switch","locations":[{"start":{"line":61,"column":6},"end":{"line":63,"column":14}},{"start":{"line":64,"column":6},"end":{"line":78,"column":9}},{"start":{"line":79,"column":6},"end":{"line":82,"column":14}}]},"2":{"line":65,"type":"if","locations":[{"start":{"line":65,"column":8},"end":{"line":65,"column":7}},{"start":{"line":65,"column":8},"end":{"line":65,"column":7}}]},"3":{"line":69,"type":"if","locations":[{"start":{"line":69,"column":8},"end":{"line":69,"column":7}},{"start":{"line":69,"column":8},"end":{"line":69,"column":7}}]},"4":{"line":70,"type":"if","locations":[{"start":{"line":70,"column":10},"end":{"line":70,"column":9}},{"start":{"line":70,"column":10},"end":{"line":70,"column":9}}]},"5":{"line":94,"type":"if","locations":[{"start":{"line":94,"column":4},"end":{"line":94,"column":3}},{"start":{"line":94,"column":4},"end":{"line":94,"column":3}}]},"6":{"line":107,"type":"if","locations":[{"start":{"line":107,"column":4},"end":{"line":107,"column":3}},{"start":{"line":107,"column":4},"end":{"line":107,"column":3}}]},"7":{"line":120,"type":"if","locations":[{"start":{"line":120,"column":4},"end":{"line":120,"column":3}},{"start":{"line":120,"column":4},"end":{"line":120,"column":3}}]},"8":{"line":127,"type":"if","locations":[{"start":{"line":127,"column":4},"end":{"line":127,"column":3}},{"start":{"line":127,"column":4},"end":{"line":127,"column":3}}]},"9":{"line":167,"type":"if","locations":[{"start":{"line":167,"column":4},"end":{"line":167,"column":3}},{"start":{"line":167,"column":4},"end":{"line":167,"column":3}}]},"10":{"line":169,"type":"if","locations":[{"start":{"line":169,"column":11},"end":{"line":169,"column":10}},{"start":{"line":169,"column":11},"end":{"line":169,"column":10}}]},"11":{"line":174,"type":"if","locations":[{"start":{"line":174,"column":6},"end":{"line":174,"column":5}},{"start":{"line":174,"column":6},"end":{"line":174,"column":5}}]},"12":{"line":187,"type":"if","locations":[{"start":{"line":187,"column":4},"end":{"line":187,"column":3}},{"start":{"line":187,"column":4},"end":{"line":187,"column":3}}]},"13":{"line":187,"type":"binary-expr","locations":[{"start":{"line":187,"column":8},"end":{"line":187,"column":23}},{"start":{"line":187,"column":27},"end":{"line":187,"column":37}}]},"14":{"line":189,"type":"if","locations":[{"start":{"line":189,"column":6},"end":{"line":189,"column":5}},{"start":{"line":189,"column":6},"end":{"line":189,"column":5}}]},"15":{"line":191,"type":"if","locations":[{"start":{"line":191,"column":13},"end":{"line":191,"column":12}},{"start":{"line":191,"column":13},"end":{"line":191,"column":12}}]},"16":{"line":198,"type":"if","locations":[{"start":{"line":198,"column":4},"end":{"line":198,"column":3}},{"start":{"line":198,"column":4},"end":{"line":198,"column":3}}]},"17":{"line":200,"type":"if","locations":[{"start":{"line":200,"column":6},"end":{"line":200,"column":5}},{"start":{"line":200,"column":6},"end":{"line":200,"column":5}}]},"18":{"line":201,"type":"if","locations":[{"start":{"line":201,"column":8},"end":{"line":201,"column":7}},{"start":{"line":201,"column":8},"end":{"line":201,"column":7}}]},"19":{"line":208,"type":"if","locations":[{"start":{"line":208,"column":13},"end":{"line":208,"column":12}},{"start":{"line":208,"column":13},"end":{"line":208,"column":12}}]},"20":{"line":220,"type":"if","locations":[{"start":{"line":220,"column":4},"end":{"line":220,"column":3}},{"start":{"line":220,"column":4},"end":{"line":220,"column":3}}]},"21":{"line":222,"type":"if","locations":[{"start":{"line":222,"column":6},"end":{"line":222,"column":5}},{"start":{"line":222,"column":6},"end":{"line":222,"column":5}}]},"22":{"line":223,"type":"if","locations":[{"start":{"line":223,"column":8},"end":{"line":223,"column":7}},{"start":{"line":223,"column":8},"end":{"line":223,"column":7}}]}}},"/Users/blesh/GitHub/blesh/RxJS/src/util/isFunction.ts":{"path":"/Users/blesh/GitHub/blesh/RxJS/src/util/isFunction.ts","s":{"1":1,"2":22312,"3":1},"b":{},"f":{"1":22312},"fnMap":{"1":{"name":"isFunction","line":1,"loc":{"start":{"line":1,"column":0},"end":{"line":1,"column":33}}}},"statementMap":{"1":{"start":{"line":1,"column":0},"end":{"line":3,"column":1}},"2":{"start":{"line":2,"column":2},"end":{"line":2,"column":33}},"3":{"start":{"line":1,"column":16},"end":{"line":3,"column":1}}},"branchMap":{}},"/Users/blesh/GitHub/blesh/RxJS/src/Subscription.ts":{"path":"/Users/blesh/GitHub/blesh/RxJS/src/Subscription.ts","s":{"1":1,"2":1,"3":1,"4":1,"5":1,"6":1,"7":1,"8":1,"9":34369,"10":34369,"11":3756,"12":1,"13":19161,"14":19161,"15":19161,"16":37,"17":19124,"18":19124,"19":19124,"20":19124,"21":10550,"22":10550,"23":4,"24":4,"25":19124,"26":7664,"27":7664,"28":7664,"29":14812,"30":14812,"31":14812,"32":14812,"33":12,"34":12,"35":12,"36":12,"37":12,"38":0,"39":19124,"40":15,"41":1,"42":21223,"43":1684,"44":19539,"45":2005,"46":17534,"47":17534,"48":281,"49":17534,"50":153,"51":17381,"52":46,"53":17335,"54":17380,"55":0,"56":17533,"57":1,"58":1770,"59":0,"60":1770,"61":1770,"62":1661,"63":1661,"64":1010,"65":1,"66":1,"67":1,"68":1,"69":1},"b":{"1":[3756,30613],"2":[37,19124],"3":[10550,8574],"4":[4,10546],"5":[4,4],"6":[7664,11460],"7":[14812,0],"8":[12,14800],"9":[12,11],"10":[12,0],"11":[15,19109],"12":[1684,19539],"13":[21223,19645],"14":[2005,17534],"15":[281,17534,0],"16":[153,17381],"17":[17534,17382],"18":[46,17335],"19":[17335,8697],"20":[0,1770],"21":[1770,1770,1770],"22":[1661,109],"23":[1010,651]},"f":{"1":34369,"2":21223,"3":1770,"4":1},"fnMap":{"1":{"name":"Subscription","line":47,"loc":{"start":{"line":47,"column":2},"end":{"line":47,"column":38}}},"2":{"name":"(anonymous_4)","line":127,"loc":{"start":{"line":127,"column":2},"end":{"line":127,"column":29}}},"3":{"name":"(anonymous_5)","line":163,"loc":{"start":{"line":163,"column":2},"end":{"line":163,"column":35}}},"4":{"name":"(anonymous_6)","line":32,"loc":{"start":{"line":32,"column":39},"end":{"line":32,"column":58}}}},"statementMap":{"1":{"start":{"line":1,"column":0},"end":{"line":1,"column":39}},"2":{"start":{"line":2,"column":0},"end":{"line":2,"column":41}},"3":{"start":{"line":3,"column":0},"end":{"line":3,"column":45}},"4":{"start":{"line":4,"column":0},"end":{"line":4,"column":41}},"5":{"start":{"line":5,"column":0},"end":{"line":5,"column":47}},"6":{"start":{"line":6,"column":0},"end":{"line":6,"column":63}},"7":{"start":{"line":31,"column":0},"end":{"line":181,"column":1}},"8":{"start":{"line":47,"column":2},"end":{"line":51,"column":3}},"9":{"start":{"line":41,"column":9},"end":{"line":41,"column":33}},"10":{"start":{"line":48,"column":4},"end":{"line":50,"column":5}},"11":{"start":{"line":49,"column":13},"end":{"line":49,"column":46}},"12":{"start":{"line":59,"column":2},"end":{"line":107,"column":3}},"13":{"start":{"line":60,"column":4},"end":{"line":60,"column":26}},"14":{"start":{"line":61,"column":4},"end":{"line":61,"column":22}},"15":{"start":{"line":63,"column":4},"end":{"line":65,"column":5}},"16":{"start":{"line":64,"column":6},"end":{"line":64,"column":13}},"17":{"start":{"line":67,"column":4},"end":{"line":67,"column":23}},"18":{"start":{"line":69,"column":4},"end":{"line":69,"column":58}},"19":{"start":{"line":71,"column":11},"end":{"line":71,"column":39}},"20":{"start":{"line":73,"column":4},"end":{"line":79,"column":5}},"21":{"start":{"line":74,"column":6},"end":{"line":74,"column":52}},"22":{"start":{"line":75,"column":6},"end":{"line":78,"column":7}},"23":{"start":{"line":76,"column":8},"end":{"line":76,"column":25}},"24":{"start":{"line":77,"column":8},"end":{"line":77,"column":52}},"25":{"start":{"line":81,"column":4},"end":{"line":102,"column":5}},"26":{"start":{"line":83,"column":6},"end":{"line":83,"column":21}},"27":{"start":{"line":84,"column":6},"end":{"line":84,"column":40}},"28":{"start":{"line":86,"column":6},"end":{"line":101,"column":7}},"29":{"start":{"line":87,"column":8},"end":{"line":87,"column":42}},"30":{"start":{"line":88,"column":8},"end":{"line":100,"column":9}},"31":{"start":{"line":89,"column":10},"end":{"line":89,"column":58}},"32":{"start":{"line":90,"column":10},"end":{"line":99,"column":11}},"33":{"start":{"line":91,"column":12},"end":{"line":91,"column":29}},"34":{"start":{"line":92,"column":12},"end":{"line":92,"column":34}},"35":{"start":{"line":93,"column":12},"end":{"line":93,"column":36}},"36":{"start":{"line":94,"column":12},"end":{"line":98,"column":13}},"37":{"start":{"line":95,"column":14},"end":{"line":95,"column":49}},"38":{"start":{"line":97,"column":14},"end":{"line":97,"column":31}},"39":{"start":{"line":104,"column":4},"end":{"line":106,"column":5}},"40":{"start":{"line":105,"column":6},"end":{"line":105,"column":44}},"41":{"start":{"line":127,"column":2},"end":{"line":155,"column":3}},"42":{"start":{"line":128,"column":4},"end":{"line":130,"column":5}},"43":{"start":{"line":129,"column":6},"end":{"line":129,"column":32}},"44":{"start":{"line":132,"column":4},"end":{"line":134,"column":5}},"45":{"start":{"line":133,"column":6},"end":{"line":133,"column":18}},"46":{"start":{"line":136,"column":4},"end":{"line":136,"column":40}},"47":{"start":{"line":138,"column":4},"end":{"line":152,"column":5}},"48":{"start":{"line":140,"column":8},"end":{"line":140,"column":57}},"49":{"start":{"line":142,"column":8},"end":{"line":148,"column":9}},"50":{"start":{"line":143,"column":10},"end":{"line":143,"column":16}},"51":{"start":{"line":144,"column":15},"end":{"line":148,"column":9}},"52":{"start":{"line":145,"column":10},"end":{"line":145,"column":28}},"53":{"start":{"line":147,"column":10},"end":{"line":147,"column":88}},"54":{"start":{"line":149,"column":8},"end":{"line":149,"column":14}},"55":{"start":{"line":151,"column":8},"end":{"line":151,"column":89}},"56":{"start":{"line":154,"column":4},"end":{"line":154,"column":15}},"57":{"start":{"line":163,"column":2},"end":{"line":180,"column":3}},"58":{"start":{"line":166,"column":4},"end":{"line":170,"column":5}},"59":{"start":{"line":169,"column":6},"end":{"line":169,"column":13}},"60":{"start":{"line":172,"column":4},"end":{"line":172,"column":54}},"61":{"start":{"line":174,"column":4},"end":{"line":179,"column":5}},"62":{"start":{"line":175,"column":6},"end":{"line":175,"column":68}},"63":{"start":{"line":176,"column":6},"end":{"line":178,"column":7}},"64":{"start":{"line":177,"column":8},"end":{"line":177,"column":51}},"65":{"start":{"line":32,"column":16},"end":{"line":35,"column":25}},"66":{"start":{"line":33,"column":4},"end":{"line":33,"column":24}},"67":{"start":{"line":34,"column":4},"end":{"line":34,"column":17}},"68":{"start":{"line":181,"column":0},"end":{"line":181,"column":1}},"69":{"start":{"line":31,"column":13},"end":{"line":181,"column":1}}},"branchMap":{"1":{"line":48,"type":"if","locations":[{"start":{"line":48,"column":4},"end":{"line":48,"column":3}},{"start":{"line":48,"column":4},"end":{"line":48,"column":3}}]},"2":{"line":63,"type":"if","locations":[{"start":{"line":63,"column":4},"end":{"line":63,"column":3}},{"start":{"line":63,"column":4},"end":{"line":63,"column":3}}]},"3":{"line":73,"type":"if","locations":[{"start":{"line":73,"column":4},"end":{"line":73,"column":3}},{"start":{"line":73,"column":4},"end":{"line":73,"column":3}}]},"4":{"line":75,"type":"if","locations":[{"start":{"line":75,"column":6},"end":{"line":75,"column":5}},{"start":{"line":75,"column":6},"end":{"line":75,"column":5}}]},"5":{"line":77,"type":"binary-expr","locations":[{"start":{"line":77,"column":18},"end":{"line":77,"column":24}},{"start":{"line":77,"column":28},"end":{"line":77,"column":30}}]},"6":{"line":81,"type":"if","locations":[{"start":{"line":81,"column":4},"end":{"line":81,"column":3}},{"start":{"line":81,"column":4},"end":{"line":81,"column":3}}]},"7":{"line":88,"type":"if","locations":[{"start":{"line":88,"column":8},"end":{"line":88,"column":7}},{"start":{"line":88,"column":8},"end":{"line":88,"column":7}}]},"8":{"line":90,"type":"if","locations":[{"start":{"line":90,"column":10},"end":{"line":90,"column":9}},{"start":{"line":90,"column":10},"end":{"line":90,"column":9}}]},"9":{"line":92,"type":"binary-expr","locations":[{"start":{"line":92,"column":21},"end":{"line":92,"column":27}},{"start":{"line":92,"column":31},"end":{"line":92,"column":33}}]},"10":{"line":94,"type":"if","locations":[{"start":{"line":94,"column":12},"end":{"line":94,"column":11}},{"start":{"line":94,"column":12},"end":{"line":94,"column":11}}]},"11":{"line":104,"type":"if","locations":[{"start":{"line":104,"column":4},"end":{"line":104,"column":3}},{"start":{"line":104,"column":4},"end":{"line":104,"column":3}}]},"12":{"line":128,"type":"if","locations":[{"start":{"line":128,"column":4},"end":{"line":128,"column":3}},{"start":{"line":128,"column":4},"end":{"line":128,"column":3}}]},"13":{"line":128,"type":"binary-expr","locations":[{"start":{"line":128,"column":8},"end":{"line":128,"column":17}},{"start":{"line":128,"column":22},"end":{"line":128,"column":53}}]},"14":{"line":132,"type":"if","locations":[{"start":{"line":132,"column":4},"end":{"line":132,"column":3}},{"start":{"line":132,"column":4},"end":{"line":132,"column":3}}]},"15":{"line":139,"type":"switch","locations":[{"start":{"line":139,"column":6},"end":{"line":140,"column":57}},{"start":{"line":141,"column":6},"end":{"line":149,"column":14}},{"start":{"line":150,"column":6},"end":{"line":151,"column":89}}]},"16":{"line":142,"type":"if","locations":[{"start":{"line":142,"column":8},"end":{"line":142,"column":7}},{"start":{"line":142,"column":8},"end":{"line":142,"column":7}}]},"17":{"line":142,"type":"binary-expr","locations":[{"start":{"line":142,"column":12},"end":{"line":142,"column":22}},{"start":{"line":142,"column":26},"end":{"line":142,"column":63}}]},"18":{"line":144,"type":"if","locations":[{"start":{"line":144,"column":15},"end":{"line":144,"column":14}},{"start":{"line":144,"column":15},"end":{"line":144,"column":14}}]},"19":{"line":147,"type":"binary-expr","locations":[{"start":{"line":147,"column":18},"end":{"line":147,"column":38}},{"start":{"line":147,"column":50},"end":{"line":147,"column":75}}]},"20":{"line":166,"type":"if","locations":[{"start":{"line":166,"column":4},"end":{"line":166,"column":3}},{"start":{"line":166,"column":4},"end":{"line":166,"column":3}}]},"21":{"line":166,"type":"binary-expr","locations":[{"start":{"line":166,"column":8},"end":{"line":166,"column":28}},{"start":{"line":167,"column":8},"end":{"line":167,"column":29}},{"start":{"line":168,"column":8},"end":{"line":168,"column":43}}]},"22":{"line":174,"type":"if","locations":[{"start":{"line":174,"column":4},"end":{"line":174,"column":3}},{"start":{"line":174,"column":4},"end":{"line":174,"column":3}}]},"23":{"line":176,"type":"if","locations":[{"start":{"line":176,"column":6},"end":{"line":176,"column":5}},{"start":{"line":176,"column":6},"end":{"line":176,"column":5}}]}}},"/Users/blesh/GitHub/blesh/RxJS/src/util/isArray.ts":{"path":"/Users/blesh/GitHub/blesh/RxJS/src/util/isArray.ts","s":{"1":1,"2":0},"b":{"1":[1,0],"2":[0,0]},"f":{"1":0},"fnMap":{"1":{"name":"(anonymous_1)","line":1,"loc":{"start":{"line":1,"column":41},"end":{"line":1,"column":51}}}},"statementMap":{"1":{"start":{"line":1,"column":13},"end":{"line":1,"column":101}},"2":{"start":{"line":1,"column":66},"end":{"line":1,"column":99}}},"branchMap":{"1":{"line":1,"type":"binary-expr","locations":[{"start":{"line":1,"column":23},"end":{"line":1,"column":36}},{"start":{"line":1,"column":41},"end":{"line":1,"column":99}}]},"2":{"line":1,"type":"binary-expr","locations":[{"start":{"line":1,"column":66},"end":{"line":1,"column":67}},{"start":{"line":1,"column":71},"end":{"line":1,"column":99}}]}}},"/Users/blesh/GitHub/blesh/RxJS/src/util/isObject.ts":{"path":"/Users/blesh/GitHub/blesh/RxJS/src/util/isObject.ts","s":{"1":1,"2":14812,"3":1},"b":{"1":[14812,14812]},"f":{"1":14812},"fnMap":{"1":{"name":"isObject","line":1,"loc":{"start":{"line":1,"column":0},"end":{"line":1,"column":31}}}},"statementMap":{"1":{"start":{"line":1,"column":0},"end":{"line":3,"column":1}},"2":{"start":{"line":2,"column":2},"end":{"line":2,"column":44}},"3":{"start":{"line":1,"column":16},"end":{"line":3,"column":1}}},"branchMap":{"1":{"line":2,"type":"binary-expr","locations":[{"start":{"line":2,"column":9},"end":{"line":2,"column":18}},{"start":{"line":2,"column":22},"end":{"line":2,"column":43}}]}}},"/Users/blesh/GitHub/blesh/RxJS/src/util/tryCatch.ts":{"path":"/Users/blesh/GitHub/blesh/RxJS/src/util/tryCatch.ts","s":{"1":1,"2":1,"3":1,"4":25961,"5":25961,"6":37,"7":37,"8":1,"9":25961,"10":25961,"11":1},"b":{},"f":{"1":25961},"fnMap":{"1":{"name":"tryCatch","line":14,"loc":{"start":{"line":14,"column":0},"end":{"line":14,"column":50}}}},"statementMap":{"1":{"start":{"line":1,"column":0},"end":{"line":1,"column":42}},"2":{"start":{"line":3,"column":0},"end":{"line":3,"column":29}},"3":{"start":{"line":5,"column":0},"end":{"line":12,"column":1}},"4":{"start":{"line":6,"column":2},"end":{"line":11,"column":3}},"5":{"start":{"line":7,"column":4},"end":{"line":7,"column":49}},"6":{"start":{"line":9,"column":4},"end":{"line":9,"column":22}},"7":{"start":{"line":10,"column":4},"end":{"line":10,"column":23}},"8":{"start":{"line":14,"column":0},"end":{"line":17,"column":1}},"9":{"start":{"line":15,"column":2},"end":{"line":15,"column":22}},"10":{"start":{"line":16,"column":2},"end":{"line":16,"column":25}},"11":{"start":{"line":14,"column":16},"end":{"line":17,"column":1}}},"branchMap":{}},"/Users/blesh/GitHub/blesh/RxJS/src/util/errorObject.ts":{"path":"/Users/blesh/GitHub/blesh/RxJS/src/util/errorObject.ts","s":{"1":1},"b":{},"f":{},"fnMap":{},"statementMap":{"1":{"start":{"line":2,"column":11},"end":{"line":2,"column":40}}},"branchMap":{}},"/Users/blesh/GitHub/blesh/RxJS/src/util/UnsubscriptionError.ts":{"path":"/Users/blesh/GitHub/blesh/RxJS/src/util/UnsubscriptionError.ts","s":{"1":1,"2":1,"3":1,"4":15,"5":15,"6":15,"7":17,"8":15,"9":15,"10":15,"11":1,"12":1},"b":{"1":[15,0]},"f":{"1":15,"2":17},"fnMap":{"1":{"name":"UnsubscriptionError","line":6,"loc":{"start":{"line":6,"column":2},"end":{"line":6,"column":34}}},"2":{"name":"(anonymous_5)","line":10,"loc":{"start":{"line":10,"column":15},"end":{"line":10,"column":22}}}},"statementMap":{"1":{"start":{"line":5,"column":0},"end":{"line":15,"column":1}},"2":{"start":{"line":5,"column":41},"end":{"line":5,"column":46}},"3":{"start":{"line":6,"column":2},"end":{"line":14,"column":3}},"4":{"start":{"line":7,"column":4},"end":{"line":7,"column":12}},"5":{"start":{"line":6,"column":21},"end":{"line":6,"column":34}},"6":{"start":{"line":8,"column":4},"end":{"line":10,"column":79}},"7":{"start":{"line":10,"column":27},"end":{"line":10,"column":56}},"8":{"start":{"line":11,"column":11},"end":{"line":11,"column":57}},"9":{"start":{"line":12,"column":11},"end":{"line":12,"column":35}},"10":{"start":{"line":13,"column":11},"end":{"line":13,"column":39}},"11":{"start":{"line":15,"column":0},"end":{"line":15,"column":1}},"12":{"start":{"line":5,"column":13},"end":{"line":15,"column":1}}},"branchMap":{"1":{"line":9,"type":"cond-expr","locations":[{"start":{"line":9,"column":9},"end":{"line":10,"column":72}},{"start":{"line":10,"column":75},"end":{"line":10,"column":77}}]}}},"/Users/blesh/GitHub/blesh/RxJS/src/Observer.ts":{"path":"/Users/blesh/GitHub/blesh/RxJS/src/Observer.ts","s":{"1":1,"2":2},"b":{},"f":{"1":34,"2":2,"3":32},"fnMap":{"1":{"name":"(anonymous_1)","line":33,"loc":{"start":{"line":33,"column":6},"end":{"line":33,"column":17}}},"2":{"name":"(anonymous_2)","line":34,"loc":{"start":{"line":34,"column":7},"end":{"line":34,"column":16}}},"3":{"name":"(anonymous_3)","line":35,"loc":{"start":{"line":35,"column":10},"end":{"line":35,"column":29}}}},"statementMap":{"1":{"start":{"line":31,"column":13},"end":{"line":36,"column":2}},"2":{"start":{"line":34,"column":26},"end":{"line":34,"column":36}}},"branchMap":{}},"/Users/blesh/GitHub/blesh/RxJS/src/symbol/rxSubscriber.ts":{"path":"/Users/blesh/GitHub/blesh/RxJS/src/symbol/rxSubscriber.ts","s":{"1":1,"2":1,"3":1},"b":{"1":[1,0],"2":[1,1]},"f":{},"fnMap":{},"statementMap":{"1":{"start":{"line":1,"column":0},"end":{"line":1,"column":34}},"2":{"start":{"line":3,"column":0},"end":{"line":3,"column":32}},"3":{"start":{"line":5,"column":13},"end":{"line":6,"column":48}}},"branchMap":{"1":{"line":6,"type":"cond-expr","locations":[{"start":{"line":6,"column":2},"end":{"line":6,"column":28}},{"start":{"line":6,"column":31},"end":{"line":6,"column":47}}]},"2":{"line":5,"type":"binary-expr","locations":[{"start":{"line":5,"column":31},"end":{"line":5,"column":59}},{"start":{"line":5,"column":63},"end":{"line":5,"column":95}}]}}},"/Users/blesh/GitHub/blesh/RxJS/src/symbol/observable.ts":{"path":"/Users/blesh/GitHub/blesh/RxJS/src/symbol/observable.ts","s":{"1":1,"2":1,"3":3,"4":3,"5":3,"6":2,"7":1,"8":1,"9":1,"10":1,"11":3,"12":1,"13":1},"b":{"1":[2,1],"2":[1,1]},"f":{"1":3},"fnMap":{"1":{"name":"getSymbolObservable","line":3,"loc":{"start":{"line":3,"column":0},"end":{"line":3,"column":48}}}},"statementMap":{"1":{"start":{"line":1,"column":0},"end":{"line":1,"column":34}},"2":{"start":{"line":3,"column":0},"end":{"line":19,"column":1}},"3":{"start":{"line":4,"column":2},"end":{"line":4,"column":24}},"4":{"start":{"line":5,"column":2},"end":{"line":5,"column":30}},"5":{"start":{"line":7,"column":2},"end":{"line":16,"column":3}},"6":{"start":{"line":8,"column":4},"end":{"line":13,"column":5}},"7":{"start":{"line":9,"column":6},"end":{"line":9,"column":39}},"8":{"start":{"line":11,"column":8},"end":{"line":11,"column":44}},"9":{"start":{"line":12,"column":8},"end":{"line":12,"column":41}},"10":{"start":{"line":15,"column":4},"end":{"line":15,"column":34}},"11":{"start":{"line":18,"column":2},"end":{"line":18,"column":22}},"12":{"start":{"line":3,"column":16},"end":{"line":19,"column":1}},"13":{"start":{"line":21,"column":13},"end":{"line":21,"column":54}}},"branchMap":{"1":{"line":7,"type":"if","locations":[{"start":{"line":7,"column":2},"end":{"line":7,"column":1}},{"start":{"line":7,"column":2},"end":{"line":7,"column":1}}]},"2":{"line":8,"type":"if","locations":[{"start":{"line":8,"column":4},"end":{"line":8,"column":3}},{"start":{"line":8,"column":4},"end":{"line":8,"column":3}}]}}},"/Users/blesh/GitHub/blesh/RxJS/src/util/ObjectUnsubscribedError.ts":{"path":"/Users/blesh/GitHub/blesh/RxJS/src/util/ObjectUnsubscribedError.ts","s":{"1":1,"2":1,"3":1,"4":7,"5":7,"6":7,"7":7,"8":1,"9":1},"b":{},"f":{},"fnMap":{},"statementMap":{"1":{"start":{"line":10,"column":0},"end":{"line":17,"column":1}},"2":{"start":{"line":10,"column":45},"end":{"line":10,"column":50}},"3":{"start":{"line":11,"column":2},"end":{"line":16,"column":3}},"4":{"start":{"line":12,"column":4},"end":{"line":12,"column":50}},"5":{"start":{"line":13,"column":11},"end":{"line":13,"column":61}},"6":{"start":{"line":14,"column":11},"end":{"line":14,"column":35}},"7":{"start":{"line":15,"column":11},"end":{"line":15,"column":39}},"8":{"start":{"line":17,"column":0},"end":{"line":17,"column":1}},"9":{"start":{"line":10,"column":13},"end":{"line":17,"column":1}}},"branchMap":{}},"/Users/blesh/GitHub/blesh/RxJS/src/SubjectSubscription.ts":{"path":"/Users/blesh/GitHub/blesh/RxJS/src/SubjectSubscription.ts","s":{"1":1,"2":1,"3":1,"4":1,"5":2557,"6":2557,"7":2557,"8":2557,"9":1,"10":2306,"11":0,"12":2306,"13":2306,"14":2306,"15":2306,"16":2306,"17":1632,"18":674,"19":674,"20":674,"21":1,"22":1},"b":{"1":[0,2306],"2":[1632,674],"3":[2306,2301,2014,674],"4":[674,0]},"f":{"1":2557},"fnMap":{"1":{"name":"SubjectSubscription","line":13,"loc":{"start":{"line":13,"column":2},"end":{"line":13,"column":72}}}},"statementMap":{"1":{"start":{"line":3,"column":0},"end":{"line":3,"column":44}},"2":{"start":{"line":10,"column":0},"end":{"line":39,"column":1}},"3":{"start":{"line":10,"column":44},"end":{"line":10,"column":56}},"4":{"start":{"line":13,"column":2},"end":{"line":15,"column":3}},"5":{"start":{"line":14,"column":4},"end":{"line":14,"column":12}},"6":{"start":{"line":13,"column":21},"end":{"line":13,"column":40}},"7":{"start":{"line":13,"column":49},"end":{"line":13,"column":72}},"8":{"start":{"line":11,"column":2},"end":{"line":11,"column":26}},"9":{"start":{"line":17,"column":2},"end":{"line":38,"column":3}},"10":{"start":{"line":18,"column":4},"end":{"line":20,"column":5}},"11":{"start":{"line":19,"column":6},"end":{"line":19,"column":13}},"12":{"start":{"line":22,"column":4},"end":{"line":22,"column":23}},"13":{"start":{"line":24,"column":4},"end":{"line":24,"column":33}},"14":{"start":{"line":25,"column":4},"end":{"line":25,"column":40}},"15":{"start":{"line":27,"column":4},"end":{"line":27,"column":24}},"16":{"start":{"line":29,"column":4},"end":{"line":31,"column":5}},"17":{"start":{"line":30,"column":6},"end":{"line":30,"column":13}},"18":{"start":{"line":33,"column":4},"end":{"line":33,"column":63}},"19":{"start":{"line":35,"column":4},"end":{"line":37,"column":5}},"20":{"start":{"line":36,"column":6},"end":{"line":36,"column":43}},"21":{"start":{"line":39,"column":0},"end":{"line":39,"column":1}},"22":{"start":{"line":10,"column":13},"end":{"line":39,"column":1}}},"branchMap":{"1":{"line":18,"type":"if","locations":[{"start":{"line":18,"column":4},"end":{"line":18,"column":3}},{"start":{"line":18,"column":4},"end":{"line":18,"column":3}}]},"2":{"line":29,"type":"if","locations":[{"start":{"line":29,"column":4},"end":{"line":29,"column":3}},{"start":{"line":29,"column":4},"end":{"line":29,"column":3}}]},"3":{"line":29,"type":"binary-expr","locations":[{"start":{"line":29,"column":8},"end":{"line":29,"column":18}},{"start":{"line":29,"column":22},"end":{"line":29,"column":44}},{"start":{"line":29,"column":48},"end":{"line":29,"column":65}},{"start":{"line":29,"column":69},"end":{"line":29,"column":83}}]},"4":{"line":35,"type":"if","locations":[{"start":{"line":35,"column":4},"end":{"line":35,"column":3}},{"start":{"line":35,"column":4},"end":{"line":35,"column":3}}]}}},"/Users/blesh/GitHub/blesh/RxJS/src/add/observable/bindCallback.ts":{"path":"/Users/blesh/GitHub/blesh/RxJS/src/add/observable/bindCallback.ts","s":{"1":1,"2":1,"3":1},"b":{},"f":{},"fnMap":{},"statementMap":{"1":{"start":{"line":1,"column":0},"end":{"line":1,"column":44}},"2":{"start":{"line":2,"column":0},"end":{"line":2,"column":81}},"3":{"start":{"line":4,"column":0},"end":{"line":4,"column":45}}},"branchMap":{}},"/Users/blesh/GitHub/blesh/RxJS/src/observable/bindCallback.ts":{"path":"/Users/blesh/GitHub/blesh/RxJS/src/observable/bindCallback.ts","s":{"1":1,"2":1},"b":{},"f":{},"fnMap":{},"statementMap":{"1":{"start":{"line":1,"column":0},"end":{"line":1,"column":68}},"2":{"start":{"line":3,"column":13},"end":{"line":3,"column":59}}},"branchMap":{}},"/Users/blesh/GitHub/blesh/RxJS/src/observable/BoundCallbackObservable.ts":{"path":"/Users/blesh/GitHub/blesh/RxJS/src/observable/BoundCallbackObservable.ts","s":{"1":1,"2":1,"3":1,"4":1,"5":1,"6":1,"7":1,"8":12,"9":12,"10":12,"11":12,"12":12,"13":1,"14":12,"15":2,"16":12,"17":12,"18":11,"19":12,"20":1,"21":13,"22":13,"23":13,"24":13,"25":13,"26":4,"27":4,"28":4,"29":4,"30":4,"31":4,"32":4,"33":4,"34":2,"35":2,"36":1,"37":1,"38":1,"39":2,"40":2,"41":4,"42":4,"43":4,"44":0,"45":4,"46":9,"47":1,"48":8,"49":8,"50":8,"51":8,"52":8,"53":7,"54":7,"55":6,"56":12,"57":6,"58":6,"59":6,"60":3,"61":3,"62":1,"63":2,"64":3,"65":3,"66":7,"67":7,"68":7,"69":1,"70":8,"71":1,"72":1,"73":1,"74":5,"75":5,"76":5,"77":1,"78":1,"79":1},"b":{"1":[2,10],"2":[4,9],"3":[4,0],"4":[2,2],"5":[1,1],"6":[2,0],"7":[0,4],"8":[7,1],"9":[3,3],"10":[1,2],"11":[2,1],"12":[1,6]},"f":{"1":12,"2":12,"3":13,"4":8,"5":5,"6":1},"fnMap":{"1":{"name":"BoundCallbackObservable","line":80,"loc":{"start":{"line":80,"column":2},"end":{"line":83,"column":42}}},"2":{"name":"(anonymous_5)","line":72,"loc":{"start":{"line":72,"column":2},"end":{"line":74,"column":40}}},"3":{"name":"(anonymous_7)","line":87,"loc":{"start":{"line":87,"column":2},"end":{"line":87,"column":54}}},"4":{"name":"(anonymous_9)","line":126,"loc":{"start":{"line":126,"column":2},"end":{"line":126,"column":93}}},"5":{"name":"dispatchNext","line":167,"loc":{"start":{"line":167,"column":0},"end":{"line":167,"column":48}}},"6":{"name":"dispatchError","line":177,"loc":{"start":{"line":177,"column":0},"end":{"line":177,"column":50}}}},"statementMap":{"1":{"start":{"line":1,"column":0},"end":{"line":1,"column":41}},"2":{"start":{"line":5,"column":0},"end":{"line":5,"column":42}},"3":{"start":{"line":6,"column":0},"end":{"line":6,"column":48}},"4":{"start":{"line":7,"column":0},"end":{"line":7,"column":45}},"5":{"start":{"line":14,"column":0},"end":{"line":161,"column":1}},"6":{"start":{"line":14,"column":48},"end":{"line":14,"column":61}},"7":{"start":{"line":80,"column":2},"end":{"line":85,"column":3}},"8":{"start":{"line":84,"column":4},"end":{"line":84,"column":12}},"9":{"start":{"line":80,"column":22},"end":{"line":80,"column":44}},"10":{"start":{"line":81,"column":22},"end":{"line":81,"column":40}},"11":{"start":{"line":82,"column":22},"end":{"line":82,"column":33}},"12":{"start":{"line":83,"column":22},"end":{"line":83,"column":42}},"13":{"start":{"line":72,"column":9},"end":{"line":78,"column":3}},"14":{"start":{"line":73,"column":19},"end":{"line":73,"column":56}},"15":{"start":{"line":73,"column":19},"end":{"line":73,"column":56}},"16":{"start":{"line":75,"column":4},"end":{"line":77,"column":6}},"17":{"start":{"line":75,"column":12},"end":{"line":75,"column":26}},"18":{"start":{"line":75,"column":12},"end":{"line":75,"column":26}},"19":{"start":{"line":76,"column":6},"end":{"line":76,"column":82}},"20":{"start":{"line":87,"column":12},"end":{"line":124,"column":3}},"21":{"start":{"line":88,"column":4},"end":{"line":88,"column":43}},"22":{"start":{"line":89,"column":4},"end":{"line":89,"column":27}},"23":{"start":{"line":90,"column":4},"end":{"line":90,"column":37}},"24":{"start":{"line":91,"column":4},"end":{"line":91,"column":31}},"25":{"start":{"line":93,"column":4},"end":{"line":123,"column":5}},"26":{"start":{"line":94,"column":6},"end":{"line":119,"column":7}},"27":{"start":{"line":95,"column":8},"end":{"line":95,"column":55}},"28":{"start":{"line":96,"column":8},"end":{"line":111,"column":10}},"29":{"start":{"line":96,"column":43},"end":{"line":96,"column":62}},"30":{"start":{"line":96,"column":43},"end":{"line":96,"column":62}},"31":{"start":{"line":97,"column":10},"end":{"line":97,"column":49}},"32":{"start":{"line":98,"column":18},"end":{"line":98,"column":47}},"33":{"start":{"line":99,"column":10},"end":{"line":110,"column":11}},"34":{"start":
[...]
column":31}},"12":{"start":{"line":27,"column":12},"end":{"line":34,"column":3}},"13":{"start":{"line":28,"column":4},"end":{"line":28,"column":43}},"14":{"start":{"line":29,"column":4},"end":{"line":29,"column":47}},"15":{"start":{"line":30,"column":4},"end":{"line":32,"column":8}},"16":{"start":{"line":31,"column":6},"end":{"line":31,"column":42}},"17":{"start":{"line":33,"column":4},"end":{"line":33,"column":40}},"18":{"start":{"line":36,"column":2},"end":{"line":50,"column":3}},"19":{"start":{"line":37,"column":4},"end":{"line":37,"column":25}},"20":{"start":{"line":38,"column":4},"end":{"line":38,"column":51}},"21":{"start":{"line":40,"column":4},"end":{"line":49,"column":5}},"22":{"start":{"line":41,"column":6},"end":{"line":48,"column":11}},"23":{"start":{"line":42,"column":8},"end":{"line":42,"column":42}},"24":{"start":{"line":44,"column":8},"end":{"line":47,"column":10}},"25":{"start":{"line":45,"column":18},"end":{"line":45,"column":56}},"26":{"start":{"line":51,"column":0},"end":{"line":51,"column":1}},"27":{"start":{"line":15,"column":13},"end":{"line":51,"column":1}},"28":{"start":{"line":52,"column":0},"end":{"line":52,"column":51}}},"branchMap":{}},"/Users/blesh/GitHub/blesh/RxJS/src/scheduler/VirtualTimeScheduler.ts":{"path":"/Users/blesh/GitHub/blesh/RxJS/src/scheduler/VirtualTimeScheduler.ts","s":{"1":1,"2":1,"3":1,"4":1,"5":1,"6":2201,"7":2201,"8":2201,"9":2201,"10":2201,"11":2201,"12":6951,"13":2201,"14":2201,"15":2201,"16":1,"17":2230,"18":2230,"19":2230,"20":14363,"21":4,"22":2230,"23":4,"24":0,"25":4,"26":1,"27":1,"28":1,"29":1,"30":1,"31":1,"32":15143,"33":15143,"34":15143,"35":15143,"36":15143,"37":15143,"38":15143,"39":1,"40":15363,"41":84,"42":15363,"43":1,"44":15143,"45":0,"46":15143,"47":15143,"48":15143,"49":15143,"50":15143,"51":1,"52":15139,"53":0,"54":15139,"55":1,"56":122275,"57":9698,"58":0,"59":9698,"60":1360,"61":8338,"62":112577,"63":40683,"64":71894,"65":1,"66":1},"b":{"1":[2201,0],"2":[2201,0],"3":[16589,14367],"4":[4,14359],"5":[4,2226],"6":[15143,0],"7":[84,15279],"8":[15143,220],"9":[0,15143],"10":[0,15139],"11":[9698,112577],"12":[0,9698],"13":[1360,8338],"14":[40683,71894]},"f":{"1":2201,"2":6951,"3":15143,"4":15363,"5":15143,"6":15139,"7":122275},"fnMap":{"1":{"name":"VirtualTimeScheduler","line":12,"loc":{"start":{"line":12,"column":2},"end":{"line":13,"column":44}}},"2":{"name":"(anonymous_5)","line":14,"loc":{"start":{"line":14,"column":27},"end":{"line":14,"column":32}}},"3":{"name":"VirtualAction","line":49,"loc":{"start":{"line":49,"column":2},"end":{"line":51,"column":60}}},"4":{"name":"(anonymous_9)","line":56,"loc":{"start":{"line":56,"column":2},"end":{"line":56,"column":46}}},"5":{"name":"(anonymous_10)","line":68,"loc":{"start":{"line":68,"column":2},"end":{"line":68,"column":87}}},"6":{"name":"(anonymous_11)","line":76,"loc":{"start":{"line":76,"column":2},"end":{"line":76,"column":87}}},"7":{"name":"(anonymous_12)","line":80,"loc":{"start":{"line":80,"column":2},"end":{"line":80,"column":71}}}},"statementMap":{"1":{"start":{"line":1,"column":0},"end":{"line":1,"column":42}},"2":{"start":{"line":3,"column":0},"end":{"line":3,"column":48}},"3":{"start":{"line":5,"column":0},"end":{"line":40,"column":1}},"4":{"start":{"line":5,"column":42},"end":{"line":5,"column":56}},"5":{"start":{"line":12,"column":2},"end":{"line":15,"column":3}},"6":{"start":{"line":5,"column":0},"end":{"line":40,"column":1}},"7":{"start":{"line":12,"column":14},"end":{"line":12,"column":65}},"8":{"start":{"line":12,"column":14},"end":{"line":12,"column":65}},"9":{"start":{"line":13,"column":14},"end":{"line":13,"column":44}},"10":{"start":{"line":13,"column":14},"end":{"line":13,"column":44}},"11":{"start":{"line":14,"column":4},"end":{"line":14,"column":45}},"12":{"start":{"line":14,"column":33},"end":{"line":14,"column":43}},"13":{"start":{"line":13,"column":21},"end":{"line":13,"column":44}},"14":{"start":{"line":9,"column":9},"end":{"line":9,"column":27}},"15":{"start":{"line":10,"column":9},"end":{"line":10,"column":28}},"16":{"start":{"line":22,"column":9},"end":{"line":39,"column":3}},"17":{"start":{"line":24,"column":4},"end":{"line":24,"column":38}},"18":{"start":{"line":25,"column":4},"end":{"line":25,"column":45}},"19":{"start":{"line":27,"column":4},"end":{"line":31,"column":5}},"20":{"start":{"line":28,"column":6},"end":{"line":30,"column":7}},"21":{"start":{"line":29,"column":8},"end":{"line":29,"column":14}},"22":{"start":{"line":33,"column":4},"end":{"line":38,"column":5}},"23":{"start":{"line":34,"column":6},"end":{"line":36,"column":7}},"24":{"start":{"line":35,"column":8},"end":{"line":35,"column":29}},"25":{"start":{"line":37,"column":6},"end":{"line":37,"column":18}},"26":{"start":{"line":7,"column":19},"end":{"line":7,"column":48}},"27":{"start":{"line":40,"column":0},"end":{"line":40,"column":1}},"28":{"start":{"line":5,"column":13},"end":{"line":40,"column":1}},"29":{"start":{"line":47,"column":0},"end":{"line":95,"column":1}},"30":{"start":{"line":47,"column":38},"end":{"line":47,"column":52}},"31":{"start":{"line":49,"column":2},"end":{"line":54,"column":3}},"32":{"start":{"line":51,"column":14},"end":{"line":51,"column":60}},"33":{"start":{"line":51,"column":14},"end":{"line":51,"column":60}},"34":{"start":{"line":52,"column":4},"end":{"line":52,"column":27}},"35":{"start":{"line":49,"column":24},"end":{"line":49,"column":55}},"36":{"start":{"line":50,"column":24},"end":{"line":50,"column":49}},"37":{"start":{"line":51,"column":24},"end":{"line":51,"column":60}},"38":{"start":{"line":53,"column":4},"end":{"line":53,"column":41}},"39":{"start":{"line":56,"column":9},"end":{"line":66,"column":3}},"40":{"start":{"line":56,"column":29},"end":{"line":56,"column":46}},"41":{"start":{"line":56,"column":29},"end":{"line":56,"column":46}},"42":{"start":{"line":57,"column":4},"end":{"line":65,"column":31}},"43":{"start":{"line":68,"column":12},"end":{"line":74,"column":3}},"44":{"start":{"line":68,"column":70},"end":{"line":68,"column":87}},"45":{"start":{"line":68,"column":70},"end":{"line":68,"column":87}},"46":{"start":{"line":69,"column":4},"end":{"line":69,"column":41}},"47":{"start":{"line":70,"column":11},"end":{"line":70,"column":32}},"48":{"start":{"line":71,"column":4},"end":{"line":71,"column":23}},"49":{"start":{"line":72,"column":4},"end":{"line":72,"column":44}},"50":{"start":{"line":73,"column":4},"end":{"line":73,"column":16}},"51":{"start":{"line":76,"column":12},"end":{"line":78,"column":3}},"52":{"start":{"line":76,"column":70},"end":{"line":76,"column":87}},"53":{"start":{"line":76,"column":70},"end":{"line":76,"column":87}},"54":{"start":{"line":77,"column":4},"end":{"line":77,"column":21}},"55":{"start":{"line":80,"column":16},"end":{"line":94,"column":3}},"56":{"start":{"line":81,"column":4},"end":{"line":93,"column":5}},"57":{"start":{"line":82,"column":6},"end":{"line":88,"column":7}},"58":{"start":{"line":83,"column":8},"end":{"line":83,"column":17}},"59":{"start":{"line":84,"column":13},"end":{"line":88,"column":7}},"60":{"start":{"line":85,"column":8},"end":{"line":85,"column":17}},"61":{"start":{"line":87,"column":8},"end":{"line":87,"column":18}},"62":{"start":{"line":89,"column":11},"end":{"line":93,"column":5}},"63":{"start":{"line":90,"column":6},"end":{"line":90,"column":15}},"64":{"start":{"line":92,"column":6},"end":{"line":92,"column":16}},"65":{"start":{"line":95,"column":0},"end":{"line":95,"column":1}},"66":{"start":{"line":47,"column":13},"end":{"line":95,"column":1}}},"branchMap":{"1":{"line":12,"type":"if","locations":[{"start":{"line":12,"column":14},"end":{"line":12,"column":13}},{"start":{"line":12,"column":14},"end":{"line":12,"column":13}}]},"2":{"line":13,"type":"if","locations":[{"start":{"line":13,"column":14},"end":{"line":13,"column":13}},{"start":{"line":13,"column":14},"end":{"line":13,"column":13}}]},"3":{"line":27,"type":"binary-expr","locations":[{"start":{"line":27,"column":12},"end":{"line":27,"column":36}},{"start":{"line":27,"column":41},"end":{"line":27,"column":81}}]},"4":{"line":28,"type":"if","locations":[{"start":{"line":28,"column":6},"end":{"line":28,"column":5}},{"start":{"line":28,"column":6},"end":{"line":28,"column":5}}]},"5":{"line":33,"type":"if","locations":[{"start":{"line":33,"column":4},"end":{"line":33,"column":3}},{"start":{"line":33,"column":4},"end":{"line":33,"column":3}}]},"6":{"line":51,"type":"if","locations":[{"start":{"line":51,"column":14},"end":{"line":51,"column":13}},{"start":{"line":51,"column":14},"end":{"line":51,"column":13}}]},"7":{"line":56,"type":"if","locations":[{"start":{"line":56,"column":29},"end":{"line":56,"column":28}},{"start":{"line":56,"column":29},"end":{"line":56,"column":28}}]},"8":{"line":58,"type":"cond-expr","locations":[{"start":{"line":58,"column":6},"end":{"line":58,"column":34}},{"start":{"line":63,"column":25},"end":{"line":65,"column":30}}]},"9":{"line":68,"type":"if","locations":[{"start":{"line":68,"column":70},"end":{"line":68,"column":69}},{"start":{"line":68,"column":70},"end":{"line":68,"column":69}}]},"10":{"line":76,"type":"if","locations":[{"start":{"line":76,"column":70},"end":{"line":76,"column":69}},{"start":{"line":76,"column":70},"end":{"line":76,"column":69}}]},"11":{"line":81,"type":"if","locations":[{"start":{"line":81,"column":4},"end":{"line":81,"column":3}},{"start":{"line":81,"column":4},"end":{"line":81,"column":3}}]},"12":{"line":82,"type":"if","locations":[{"start":{"line":82,"column":6},"end":{"line":82,"column":5}},{"start":{"line":82,"column":6},"end":{"line":82,"column":5}}]},"13":{"line":84,"type":"if","locations":[{"start":{"line":84,"column":13},"end":{"line":84,"column":12}},{"start":{"line":84,"column":13},"end":{"line":84,"column":12}}]},"14":{"line":89,"type":"if","locations":[{"start":{"line":89,"column":11},"end":{"line":89,"column":10}},{"start":{"line":89,"column":11},"end":{"line":89,"column":10}}]}}},"/Users/blesh/GitHub/blesh/RxJS/src/scheduler/animationFrame.ts":{"path":"/Users/blesh/GitHub/blesh/RxJS/src/scheduler/animationFrame.ts","s":{"1":1,"2":1,"3":1},"b":{},"f":{},"fnMap":{},"statementMap":{"1":{"start":{"line":1,"column":0},"end":{"line":1,"column":60}},"2":{"start":{"line":2,"column":0},"end":{"line":2,"column":66}},"3":{"start":{"line":4,"column":13},"end":{"line":4,"column":80}}},"branchMap":{}},"/Users/blesh/GitHub/blesh/RxJS/src/scheduler/AnimationFrameAction.ts":{"path":"/Users/blesh/GitHub/blesh/RxJS/src/scheduler/AnimationFrameAction.ts","s":{"1":1,"2":1,"3":1,"4":1,"5":1,"6":9,"7":9,"8":9,"9":1,"10":12,"11":0,"12":12,"13":0,"14":12,"15":12,"16":1,"17":12,"18":0,"19":12,"20":0,"21":12,"22":6,"23":6,"24":12,"25":1,"26":1},"b":{"1":[0,12],"2":[0,12],"3":[12,12],"4":[12,7],"5":[0,12],"6":[0,12],"7":[12,3],"8":[6,6]},"f":{"1":9,"2":12,"3":12},"fnMap":{"1":{"name":"AnimationFrameAction","line":12,"loc":{"start":{"line":12,"column":2},"end":{"line":13,"column":49}}},"2":{"name":"(anonymous_5)","line":17,"loc":{"start":{"line":17,"column":2},"end":{"line":17,"column":90}}},"3":{"name":"(anonymous_6)","line":31,"loc":{"start":{"line":31,"column":2},"end":{"line":31,"column":90}}}},"statementMap":{"1":{"start":{"line":1,"column":0},"end":{"line":1,"column":42}},"2":{"start":{"line":2,"column":0},"end":{"line":2,"column":54}},"3":{"start":{"line":10,"column":0},"end":{"line":46,"column":1}},"4":{"start":{"line":10,"column":45},"end":{"line":10,"column":59}},"5":{"start":{"line":12,"column":2},"end":{"line":15,"column":3}},"6":{"start":{"line":14,"column":4},"end":{"line":14,"column":27}},"7":{"start":{"line":12,"column":24},"end":{"line":12,"column":58}},"8":{"start":{"line":13,"column":24},"end":{"line":13,"column":49}},"9":{"start":{"line":17,"column":12},"end":{"line":30,"column":3}},"10":{"start":{"line":17,"column":73},"end":{"line":17,"column":90}},"11":{"start":{"line":17,"column":73},"end":{"line":17,"column":90}},"12":{"start":{"line":19,"column":4},"end":{"line":21,"column":5}},"13":{"start":{"line":20,"column":6},"end":{"line":20,"column":56}},"14":{"start":{"line":23,"column":4},"end":{"line":23,"column":33}},"15":{"start":{"line":27,"column":4},"end":{"line":29,"column":7}},"16":{"start":{"line":31,"column":12},"end":{"line":45,"column":3}},"17":{"start":{"line":31,"column":73},"end":{"line":31,"column":90}},"18":{"start":{"line":31,"column":73},"end":{"line":31,"column":90}},"19":{"start":{"line":33,"column":4},"end":{"line":35,"column":5}},"20":{"start":{"line":34,"column":6},"end":{"line":34,"column":56}},"21":{"start":{"line":39,"column":4},"end":{"line":42,"column":5}},"22":{"start":{"line":40,"column":6},"end":{"line":40,"column":46}},"23":{"start":{"line":41,"column":6},"end":{"line":41,"column":38}},"24":{"start":{"line":44,"column":4},"end":{"line":44,"column":21}},"25":{"start":{"line":46,"column":0},"end":{"line":46,"column":1}},"26":{"start":{"line":10,"column":13},"end":{"line":46,"column":1}}},"branchMap":{"1":{"line":17,"type":"if","locations":[{"start":{"line":17,"column":73},"end":{"line":17,"column":72}},{"start":{"line":17,"column":73},"end":{"line":17,"column":72}}]},"2":{"line":19,"type":"if","locations":[{"start":{"line":19,"column":4},"end":{"line":19,"column":3}},{"start":{"line":19,"column":4},"end":{"line":19,"column":3}}]},"3":{"line":19,"type":"binary-expr","locations":[{"start":{"line":19,"column":8},"end":{"line":19,"column":22}},{"start":{"line":19,"column":26},"end":{"line":19,"column":35}}]},"4":{"line":27,"type":"binary-expr","locations":[{"start":{"line":27,"column":11},"end":{"line":27,"column":30}},{"start":{"line":27,"column":35},"end":{"line":29,"column":5}}]},"5":{"line":31,"type":"if","locations":[{"start":{"line":31,"column":73},"end":{"line":31,"column":72}},{"start":{"line":31,"column":73},"end":{"line":31,"column":72}}]},"6":{"line":33,"type":"if","locations":[{"start":{"line":33,"column":4},"end":{"line":33,"column":3}},{"start":{"line":33,"column":4},"end":{"line":33,"column":3}}]},"7":{"line":33,"type":"binary-expr","locations":[{"start":{"line":33,"column":8},"end":{"line":33,"column":22}},{"start":{"line":33,"column":26},"end":{"line":33,"column":35}}]},"8":{"line":39,"type":"if","locations":[{"start":{"line":39,"column":4},"end":{"line":39,"column":3}},{"start":{"line":39,"column":4},"end":{"line":39,"column":3}}]}}},"/Users/blesh/GitHub/blesh/RxJS/src/util/AnimationFrame.ts":{"path":"/Users/blesh/GitHub/blesh/RxJS/src/util/AnimationFrame.ts","s":{"1":1,"2":1,"3":1,"4":1,"5":0,"6":0,"7":1,"8":0,"9":0,"10":1,"11":0,"12":0,"13":1,"14":0,"15":0,"16":1,"17":0,"18":0,"19":1,"20":1,"21":7,"22":1,"23":1,"24":1},"b":{"1":[0,1],"2":[0,1],"3":[0,1],"4":[0,1],"5":[0,1]},"f":{"1":1,"2":7},"fnMap":{"1":{"name":"RequestAnimationFrameDefinition","line":6,"loc":{"start":{"line":6,"column":2},"end":{"line":6,"column":23}}},"2":{"name":"(anonymous_3)","line":24,"loc":{"start":{"line":24,"column":35},"end":{"line":24,"column":46}}}},"statementMap":{"1":{"start":{"line":1,"column":0},"end":{"line":1,"column":30}},"2":{"start":{"line":3,"column":0},"end":{"line":27,"column":1}},"3":{"start":{"line":6,"column":2},"end":{"line":26,"column":3}},"4":{"start":{"line":7,"column":4},"end":{"line":25,"column":5}},"5":{"start":{"line":8,"column":6},"end":{"line":8,"column":71}},"6":{"start":{"line":9,"column":6},"end":{"line":9,"column":73}},"7":{"start":{"line":10,"column":11},"end":{"line":25,"column":5}},"8":{"start":{"line":11,"column":6},"end":{"line":11,"column":74}},"9":{"start":{"line":12,"column":6},"end":{"line":12,"column":76}},"10":{"start":{"line":13,"column":11},"end":{"line":25,"column":5}},"11":{"start":{"line":14,"column":6},"end":{"line":14,"column":77}},"12":{"start":{"line":15,"column":6},"end":{"line":15,"column":79}},"13":{"start":{"line":16,"column":11},"end":{"line":25,"column":5}},"14":{"start":{"line":17,"column":6},"end":{"line":17,"column":73}},"15":{"start":{"line":18,"column":6},"end":{"line":18,"column":75}},"16":{"start":{"line":19,"column":11},"end":{"line":25,"column":5}},"17":{"start":{"line":20,"column":6},"end":{"line":20,"column":72}},"18":{"start":{"line":21,"column":6},"end":{"line":21,"column":74}},"19":{"start":{"line":23,"column":6},"end":{"line":23,"column":63}},"20":{"start":{"line":24,"column":6},"end":{"line":24,"column":91}},"21":{"start":{"line":24,"column":50},"end":{"line":24,"column":88}},"22":{"start":{"line":27,"column":0},"end":{"line":27,"column":1}},"23":{"start":{"line":3,"column":13},"end":{"line":27,"column":1}},"24":{"start":{"line":29,"column":13},"end":{"line":29,"column":72}}},"branchMap":{"1":{"line":7,"type":"if","locations":[{"start":{"line":7,"column":4},"end":{"line":7,"column":3}},{"start":{"line":7,"column":4},"end":{"line":7,"column":3}}]},"2":{"line":10,"type":"if","locations":[{"start":{"line":10,"column":11},"end":{"line":10,"column":10}},{"start":{"line":10,"column":11},"end":{"line":10,"column":10}}]},"3":{"line":13,"type":"if","locations":[{"start":{"line":13,"column":11},"end":{"line":13,"column":10}},{"start":{"line":13,"column":11},"end":{"line":13,"column":10}}]},"4":{"line":16,"type":"if","locations":[{"start":{"line":16,"column":11},"end":{"line":16,"column":10}},{"start":{"line":16,"column":11},"end":{"line":16,"column":10}}]},"5":{"line":19,"type":"if","locations":[{"start":{"line":19,"column":11},"end":{"line":19,"column":10}},{"start":{"line":19,"column":11},"end":{"line":19,"column":10}}]}}},"/Users/blesh/GitHub/blesh/RxJS/src/scheduler/AnimationFrameScheduler.ts":{"path":"/Users/blesh/GitHub/blesh/RxJS/src/scheduler/AnimationFrameScheduler.ts","s":{"1":1,"2":1,"3":1,"4":1,"5":1,"6":1,"7":5,"8":5,"9":5,"10":5,"11":5,"12":5,"13":5,"14":5,"15":9,"16":0,"17":5,"18":5,"19":0,"20":0,"21":0,"22":1,"23":1},"b":{"1":[0,9],"2":[9,7],"3":[0,5],"4":[0,0]},"f":{},"fnMap":{},"statementMap":{"1":{"start":{"line":2,"column":0},"end":{"line":2,"column":48}},"2":{"start":{"line":4,"column":0},"end":{"line":31,"column":1}},"3":{"start":{"line":4,"column":45},"end":{"line":4,"column":59}},"4":{"start":{"line":4,"column":0},"end":{"line":31,"column":1}},"5":{"start":{"line":4,"column":45},"end":{"line":4,"column":59}},"6":{"start":{"line":5,"column":9},"end":{"line":30,"column":3}},"7":{"start":{"line":7,"column":4},"end":{"line":7,"column":23}},"8":{"start":{"line":8,"column":4},"end":{"line":8,"column":31}},"9":{"start":{"line":10,"column":11},"end":{"line":10,"column":27}},"10":{"start":{"line":11,"column":4},"end":{"line":11,"column":19}},"11":{"start":{"line":12,"column":4},"end":{"line":12,"column":27}},"12":{"start":{"line":13,"column":4},"end":{"line":13,"column":39}},"13":{"start":{"line":14,"column":4},"end":{"line":14,"column":51}},"14":{"start":{"line":16,"column":4},"end":{"line":20,"column":60}},"15":{"start":{"line":17,"column":6},"end":{"line":19,"column":7}},"16":{"start":{"line":18,"column":8},"end":{"line":18,"column":14}},"17":{"start":{"line":22,"column":4},"end":{"line":22,"column":24}},"18":{"start":{"line":24,"column":4},"end":{"line":29,"column":5}},"19":{"start":{"line":25,"column":6},"end":{"line":27,"column":7}},"20":{"start":{"line":26,"column":8},"end":{"line":26,"column":29}},"21":{"start":{"line":28,"column":6},"end":{"line":28,"column":18}},"22":{"start":{"line":31,"column":0},"end":{"line":31,"column":1}},"23":{"start":{"line":4,"column":13},"end":{"line":31,"column":1}}},"branchMap":{"1":{"line":17,"type":"if","locations":[{"start":{"line":17,"column":6},"end":{"line":17,"column":5}},{"start":{"line":17,"column":6},"end":{"line":17,"column":5}}]},"2":{"line":20,"type":"binary-expr","locations":[{"start":{"line":20,"column":13},"end":{"line":20,"column":28}},{"start":{"line":20,"column":33},"end":{"line":20,"column":57}}]},"3":{"line":24,"type":"if","locations":[{"start":{"line":24,"column":4},"end":{"line":24,"column":3}},{"start":{"line":24,"column":4},"end":{"line":24,"column":3}}]},"4":{"line":25,"type":"binary-expr","locations":[{"start":{"line":25,"column":13},"end":{"line":25,"column":28}},{"start":{"line":25,"column":33},"end":{"line":25,"column":57}}]}}}}